[1.087s] Invoking command in '/home/doe/dev_ws/src/py_pubsub': CONDA_PROMPT_MODIFIER=(base) PYTHONPATH=/home/doe/dev_ws/install/py_pubsub/lib/python3.8/site-packages:${PYTHONPATH} /home/doe/anaconda3/bin/python setup.py egg_info --egg-base ../../build/py_pubsub build --build-base /home/doe/dev_ws/build/py_pubsub/build install --prefix /home/doe/dev_ws/install/py_pubsub --record /home/doe/dev_ws/build/py_pubsub/install.log --single-version-externally-managed
[1.273s] /home/doe/anaconda3/lib/python3.8/site-packages/setuptools/dist.py:738: UserWarning: Usage of dash-separated 'script-dir' will not be supported in future versions. Please use the underscore name 'script_dir' instead
[1.273s]   warnings.warn(
[1.274s] /home/doe/anaconda3/lib/python3.8/site-packages/setuptools/dist.py:738: UserWarning: Usage of dash-separated 'install-scripts' will not be supported in future versions. Please use the underscore name 'install_scripts' instead
[1.274s]   warnings.warn(
[1.505s] running egg_info
[1.506s] creating ../../build/py_pubsub/py_pubsub.egg-info
[1.533s] writing ../../build/py_pubsub/py_pubsub.egg-info/PKG-INFO
[1.549s] writing dependency_links to ../../build/py_pubsub/py_pubsub.egg-info/dependency_links.txt
[1.596s] writing entry points to ../../build/py_pubsub/py_pubsub.egg-info/entry_points.txt
[1.627s] writing requirements to ../../build/py_pubsub/py_pubsub.egg-info/requires.txt
[1.642s] writing top-level names to ../../build/py_pubsub/py_pubsub.egg-info/top_level.txt
[1.642s] writing manifest file '../../build/py_pubsub/py_pubsub.egg-info/SOURCES.txt'
[1.681s] reading manifest file '../../build/py_pubsub/py_pubsub.egg-info/SOURCES.txt'
[1.681s] writing manifest file '../../build/py_pubsub/py_pubsub.egg-info/SOURCES.txt'
[1.681s] running build
[1.682s] running build_py
[1.682s] creating /home/doe/dev_ws/build/py_pubsub/build
[1.682s] creating /home/doe/dev_ws/build/py_pubsub/build/lib
[1.682s] creating /home/doe/dev_ws/build/py_pubsub/build/lib/py_pubsub
[1.682s] copying py_pubsub/__init__.py -> /home/doe/dev_ws/build/py_pubsub/build/lib/py_pubsub
[1.682s] copying py_pubsub/subscriber_member_function.py -> /home/doe/dev_ws/build/py_pubsub/build/lib/py_pubsub
[1.682s] copying py_pubsub/publisher_member_function.py -> /home/doe/dev_ws/build/py_pubsub/build/lib/py_pubsub
[1.682s] running install
[1.682s] /home/doe/anaconda3/lib/python3.8/site-packages/setuptools/command/install.py:34: SetuptoolsDeprecationWarning: setup.py install is deprecated. Use build and pip and other standards-based tools.
[1.682s]   warnings.warn(
[1.685s] running install_lib
[1.712s] creating /home/doe/dev_ws/install/py_pubsub/lib/python3.8/site-packages/py_pubsub
[1.712s] copying /home/doe/dev_ws/build/py_pubsub/build/lib/py_pubsub/__init__.py -> /home/doe/dev_ws/install/py_pubsub/lib/python3.8/site-packages/py_pubsub
[1.712s] copying /home/doe/dev_ws/build/py_pubsub/build/lib/py_pubsub/subscriber_member_function.py -> /home/doe/dev_ws/install/py_pubsub/lib/python3.8/site-packages/py_pubsub
[1.712s] copying /home/doe/dev_ws/build/py_pubsub/build/lib/py_pubsub/publisher_member_function.py -> /home/doe/dev_ws/install/py_pubsub/lib/python3.8/site-packages/py_pubsub
[1.713s] byte-compiling /home/doe/dev_ws/install/py_pubsub/lib/python3.8/site-packages/py_pubsub/__init__.py to __init__.cpython-38.pyc
[1.713s] byte-compiling /home/doe/dev_ws/install/py_pubsub/lib/python3.8/site-packages/py_pubsub/subscriber_member_function.py to subscriber_member_function.cpython-38.pyc
[1.713s] byte-compiling /home/doe/dev_ws/install/py_pubsub/lib/python3.8/site-packages/py_pubsub/publisher_member_function.py to publisher_member_function.cpython-38.pyc
[1.713s] running install_data
[1.725s] creating /home/doe/dev_ws/install/py_pubsub/share/ament_index
[1.725s] creating /home/doe/dev_ws/install/py_pubsub/share/ament_index/resource_index
[1.725s] creating /home/doe/dev_ws/install/py_pubsub/share/ament_index/resource_index/packages
[1.725s] copying resource/py_pubsub -> /home/doe/dev_ws/install/py_pubsub/share/ament_index/resource_index/packages
[1.725s] copying package.xml -> /home/doe/dev_ws/install/py_pubsub/share/py_pubsub
[1.725s] running install_egg_info
[1.756s] Copying ../../build/py_pubsub/py_pubsub.egg-info to /home/doe/dev_ws/install/py_pubsub/lib/python3.8/site-packages/py_pubsub-0.0.0-py3.8.egg-info
[1.757s] running install_scripts
[1.841s] Installing listener script to /home/doe/dev_ws/install/py_pubsub/lib/py_pubsub
[1.841s] Installing talker script to /home/doe/dev_ws/install/py_pubsub/lib/py_pubsub
[1.842s] writing list of installed files to '/home/doe/dev_ws/build/py_pubsub/install.log'
[1.867s] Invoked command in '/home/doe/dev_ws/src/py_pubsub' returned '0': CONDA_PROMPT_MODIFIER=(base) PYTHONPATH=/home/doe/dev_ws/install/py_pubsub/lib/python3.8/site-packages:${PYTHONPATH} /home/doe/anaconda3/bin/python setup.py egg_info --egg-base ../../build/py_pubsub build --build-base /home/doe/dev_ws/build/py_pubsub/build install --prefix /home/doe/dev_ws/install/py_pubsub --record /home/doe/dev_ws/build/py_pubsub/install.log --single-version-externally-managed
