[33mCMake Warning (dev) at /opt/ros/foxy/share/connext_cmake_module/cmake/Modules/FindConnext.cmake:163 (list):
  Policy CMP0121 is not set: The list() command now validates parsing of
  index arguments.  Run "cmake --help-policy CMP0121" for policy details.
  Use the cmake_policy command to set the policy and suppress this warning.
  Invalid list index "libnddsc.so".
Call Stack (most recent call first):
  /opt/ros/foxy/share/connext_cmake_module/cmake/Modules/FindConnext.cmake:198 (_count_found_libraries)
  /opt/ros/foxy/share/rosidl_typesupport_connext_c/cmake/rosidl_typesupport_connext_c-extras.cmake:5 (find_package)
  /opt/ros/foxy/share/rosidl_typesupport_connext_c/cmake/rosidl_typesupport_connext_cConfig.cmake:41 (include)
  /opt/ros/foxy/share/rosidl_typesupport_c/cmake/rosidl_typesupport_c-extras.cmake:13 (find_package)
  /opt/ros/foxy/share/rosidl_typesupport_c/cmake/rosidl_typesupport_cConfig.cmake:41 (include)
  /opt/ros/foxy/share/rosidl_default_generators/cmake/rosidl_default_generators-extras.cmake:21 (find_package)
  /opt/ros/foxy/share/rosidl_default_generators/cmake/rosidl_default_generatorsConfig.cmake:41 (include)
  CMakeLists.txt:35 (find_package)
This warning is for project developers.  Use -Wno-dev to suppress it.
[0m
[33mCMake Warning (dev) at /opt/ros/foxy/share/connext_cmake_module/cmake/Modules/FindConnext.cmake:163 (list):
  Policy CMP0121 is not set: The list() command now validates parsing of
  index arguments.  Run "cmake --help-policy CMP0121" for policy details.
  Use the cmake_policy command to set the policy and suppress this warning.
  Invalid list index "libnddscore.so".
Call Stack (most recent call first):
  /opt/ros/foxy/share/connext_cmake_module/cmake/Modules/FindConnext.cmake:198 (_count_found_libraries)
  /opt/ros/foxy/share/rosidl_typesupport_connext_c/cmake/rosidl_typesupport_connext_c-extras.cmake:5 (find_package)
  /opt/ros/foxy/share/rosidl_typesupport_connext_c/cmake/rosidl_typesupport_connext_cConfig.cmake:41 (include)
  /opt/ros/foxy/share/rosidl_typesupport_c/cmake/rosidl_typesupport_c-extras.cmake:13 (find_package)
  /opt/ros/foxy/share/rosidl_typesupport_c/cmake/rosidl_typesupport_cConfig.cmake:41 (include)
  /opt/ros/foxy/share/rosidl_default_generators/cmake/rosidl_default_generators-extras.cmake:21 (find_package)
  /opt/ros/foxy/share/rosidl_default_generators/cmake/rosidl_default_generatorsConfig.cmake:41 (include)
  CMakeLists.txt:35 (find_package)
This warning is for project developers.  Use -Wno-dev to suppress it.
[0m
[33mCMake Warning (dev) at /opt/ros/foxy/share/connext_cmake_module/cmake/Modules/FindConnext.cmake:163 (list):
  Policy CMP0121 is not set: The list() command now validates parsing of
  index arguments.  Run "cmake --help-policy CMP0121" for policy details.
  Use the cmake_policy command to set the policy and suppress this warning.
  Invalid list index "libnddscpp.so".
Call Stack (most recent call first):
  /opt/ros/foxy/share/connext_cmake_module/cmake/Modules/FindConnext.cmake:198 (_count_found_libraries)
  /opt/ros/foxy/share/rosidl_typesupport_connext_c/cmake/rosidl_typesupport_connext_c-extras.cmake:5 (find_package)
  /opt/ros/foxy/share/rosidl_typesupport_connext_c/cmake/rosidl_typesupport_connext_cConfig.cmake:41 (include)
  /opt/ros/foxy/share/rosidl_typesupport_c/cmake/rosidl_typesupport_c-extras.cmake:13 (find_package)
  /opt/ros/foxy/share/rosidl_typesupport_c/cmake/rosidl_typesupport_cConfig.cmake:41 (include)
  /opt/ros/foxy/share/rosidl_default_generators/cmake/rosidl_default_generators-extras.cmake:21 (find_package)
  /opt/ros/foxy/share/rosidl_default_generators/cmake/rosidl_default_generatorsConfig.cmake:41 (include)
  CMakeLists.txt:35 (find_package)
This warning is for project developers.  Use -Wno-dev to suppress it.
[0m
[33mCMake Warning (dev) at /opt/ros/foxy/share/connext_cmake_module/cmake/Modules/FindConnext.cmake:163 (list):
  Policy CMP0121 is not set: The list() command now validates parsing of
  index arguments.  Run "cmake --help-policy CMP0121" for policy details.
  Use the cmake_policy command to set the policy and suppress this warning.
  Invalid list index "librticonnextmsgcpp.so".
Call Stack (most recent call first):
  /opt/ros/foxy/share/connext_cmake_module/cmake/Modules/FindConnext.cmake:198 (_count_found_libraries)
  /opt/ros/foxy/share/rosidl_typesupport_connext_c/cmake/rosidl_typesupport_connext_c-extras.cmake:5 (find_package)
  /opt/ros/foxy/share/rosidl_typesupport_connext_c/cmake/rosidl_typesupport_connext_cConfig.cmake:41 (include)
  /opt/ros/foxy/share/rosidl_typesupport_c/cmake/rosidl_typesupport_c-extras.cmake:13 (find_package)
  /opt/ros/foxy/share/rosidl_typesupport_c/cmake/rosidl_typesupport_cConfig.cmake:41 (include)
  /opt/ros/foxy/share/rosidl_default_generators/cmake/rosidl_default_generators-extras.cmake:21 (find_package)
  /opt/ros/foxy/share/rosidl_default_generators/cmake/rosidl_default_generatorsConfig.cmake:41 (include)
  CMakeLists.txt:35 (find_package)
This warning is for project developers.  Use -Wno-dev to suppress it.
[0m
[33mCMake Warning (dev) at /opt/ros/foxy/share/connext_cmake_module/cmake/Modules/FindConnext.cmake:163 (list):
  Policy CMP0121 is not set: The list() command now validates parsing of
  index arguments.  Run "cmake --help-policy CMP0121" for policy details.
  Use the cmake_policy command to set the policy and suppress this warning.
  Invalid list index "libnddscd.so".
Call Stack (most recent call first):
  /opt/ros/foxy/share/connext_cmake_module/cmake/Modules/FindConnext.cmake:199 (_count_found_libraries)
  /opt/ros/foxy/share/rosidl_typesupport_connext_c/cmake/rosidl_typesupport_connext_c-extras.cmake:5 (find_package)
  /opt/ros/foxy/share/rosidl_typesupport_connext_c/cmake/rosidl_typesupport_connext_cConfig.cmake:41 (include)
  /opt/ros/foxy/share/rosidl_typesupport_c/cmake/rosidl_typesupport_c-extras.cmake:13 (find_package)
  /opt/ros/foxy/share/rosidl_typesupport_c/cmake/rosidl_typesupport_cConfig.cmake:41 (include)
  /opt/ros/foxy/share/rosidl_default_generators/cmake/rosidl_default_generators-extras.cmake:21 (find_package)
  /opt/ros/foxy/share/rosidl_default_generators/cmake/rosidl_default_generatorsConfig.cmake:41 (include)
  CMakeLists.txt:35 (find_package)
This warning is for project developers.  Use -Wno-dev to suppress it.
[0m
[33mCMake Warning (dev) at /opt/ros/foxy/share/connext_cmake_module/cmake/Modules/FindConnext.cmake:163 (list):
  Policy CMP0121 is not set: The list() command now validates parsing of
  index arguments.  Run "cmake --help-policy CMP0121" for policy details.
  Use the cmake_policy command to set the policy and suppress this warning.
  Invalid list index "libnddscored.so".
Call Stack (most recent call first):
  /opt/ros/foxy/share/connext_cmake_module/cmake/Modules/FindConnext.cmake:199 (_count_found_libraries)
  /opt/ros/foxy/share/rosidl_typesupport_connext_c/cmake/rosidl_typesupport_connext_c-extras.cmake:5 (find_package)
  /opt/ros/foxy/share/rosidl_typesupport_connext_c/cmake/rosidl_typesupport_connext_cConfig.cmake:41 (include)
  /opt/ros/foxy/share/rosidl_typesupport_c/cmake/rosidl_typesupport_c-extras.cmake:13 (find_package)
  /opt/ros/foxy/share/rosidl_typesupport_c/cmake/rosidl_typesupport_cConfig.cmake:41 (include)
  /opt/ros/foxy/share/rosidl_default_generators/cmake/rosidl_default_generators-extras.cmake:21 (find_package)
  /opt/ros/foxy/share/rosidl_default_generators/cmake/rosidl_default_generatorsConfig.cmake:41 (include)
  CMakeLists.txt:35 (find_package)
This warning is for project developers.  Use -Wno-dev to suppress it.
[0m
[33mCMake Warning (dev) at /opt/ros/foxy/share/connext_cmake_module/cmake/Modules/FindConnext.cmake:163 (list):
  Policy CMP0121 is not set: The list() command now validates parsing of
  index arguments.  Run "cmake --help-policy CMP0121" for policy details.
  Use the cmake_policy command to set the policy and suppress this warning.
  Invalid list index "libnddscppd.so".
Call Stack (most recent call first):
  /opt/ros/foxy/share/connext_cmake_module/cmake/Modules/FindConnext.cmake:199 (_count_found_libraries)
  /opt/ros/foxy/share/rosidl_typesupport_connext_c/cmake/rosidl_typesupport_connext_c-extras.cmake:5 (find_package)
  /opt/ros/foxy/share/rosidl_typesupport_connext_c/cmake/rosidl_typesupport_connext_cConfig.cmake:41 (include)
  /opt/ros/foxy/share/rosidl_typesupport_c/cmake/rosidl_typesupport_c-extras.cmake:13 (find_package)
  /opt/ros/foxy/share/rosidl_typesupport_c/cmake/rosidl_typesupport_cConfig.cmake:41 (include)
  /opt/ros/foxy/share/rosidl_default_generators/cmake/rosidl_default_generators-extras.cmake:21 (find_package)
  /opt/ros/foxy/share/rosidl_default_generators/cmake/rosidl_default_generatorsConfig.cmake:41 (include)
  CMakeLists.txt:35 (find_package)
This warning is for project developers.  Use -Wno-dev to suppress it.
[0m
[33mCMake Warning (dev) at /opt/ros/foxy/share/connext_cmake_module/cmake/Modules/FindConnext.cmake:163 (list):
  Policy CMP0121 is not set: The list() command now validates parsing of
  index arguments.  Run "cmake --help-policy CMP0121" for policy details.
  Use the cmake_policy command to set the policy and suppress this warning.
  Invalid list index "librticonnextmsgcppd.so".
Call Stack (most recent call first):
  /opt/ros/foxy/share/connext_cmake_module/cmake/Modules/FindConnext.cmake:199 (_count_found_libraries)
  /opt/ros/foxy/share/rosidl_typesupport_connext_c/cmake/rosidl_typesupport_connext_c-extras.cmake:5 (find_package)
  /opt/ros/foxy/share/rosidl_typesupport_connext_c/cmake/rosidl_typesupport_connext_cConfig.cmake:41 (include)
  /opt/ros/foxy/share/rosidl_typesupport_c/cmake/rosidl_typesupport_c-extras.cmake:13 (find_package)
  /opt/ros/foxy/share/rosidl_typesupport_c/cmake/rosidl_typesupport_cConfig.cmake:41 (include)
  /opt/ros/foxy/share/rosidl_default_generators/cmake/rosidl_default_generators-extras.cmake:21 (find_package)
  /opt/ros/foxy/share/rosidl_default_generators/cmake/rosidl_default_generatorsConfig.cmake:41 (include)
  CMakeLists.txt:35 (find_package)
This warning is for project developers.  Use -Wno-dev to suppress it.
[0m
[0mCMake Deprecation Warning at /home/doe/dev_ws/build/tutorial_interfaces/connext_cmake_module/check_abi/CMakeLists.txt:15 (cmake_minimum_required):
  Compatibility with CMake < 2.8.12 will be removed from a future version of
  CMake.

  Update the VERSION argument <min> value or use a ...<max> suffix to tell
  CMake that the project does not need compatibility with older versions.

[0m
[33mCMake Warning at /opt/ros/foxy/share/rosidl_generator_py/cmake/rosidl_generator_py_generate_interfaces.cmake:235 (add_library):
  Cannot generate a safe runtime search path for target
  tutorial_interfaces__rosidl_typesupport_fastrtps_c__pyext because files in
  some directories may conflict with libraries in implicit directories:

    runtime library [libssl.so.1.1] in /usr/lib/x86_64-linux-gnu may be hidden by files in:
      /home/doe/anaconda3/lib
    runtime library [libcrypto.so.1.1] in /usr/lib/x86_64-linux-gnu may be hidden by files in:
      /home/doe/anaconda3/lib

  Some of these libraries may not be found correctly.
Call Stack (most recent call first):
  /opt/ros/foxy/share/ament_cmake_core/cmake/core/ament_execute_extensions.cmake:48 (include)
  /opt/ros/foxy/share/rosidl_cmake/cmake/rosidl_generate_interfaces.cmake:286 (ament_execute_extensions)
  CMakeLists.txt:37 (rosidl_generate_interfaces)

[0m
