-- Found ament_cmake: 0.9.9 (/opt/ros/foxy/share/ament_cmake/cmake)
-- Using PYTHON_EXECUTABLE: /home/doe/anaconda3/bin/python3
-- Found ament_lint_auto: 0.9.6 (/opt/ros/foxy/share/ament_lint_auto/cmake)
-- Found rosidl_default_generators: 1.0.1 (/opt/ros/foxy/share/rosidl_default_generators/cmake)
-- Using all available rosidl_typesupport_c: rosidl_typesupport_connext_c;rosidl_typesupport_fastrtps_c;rosidl_typesupport_introspection_c
-- Found rosidl_adapter: 1.2.1 (/opt/ros/foxy/share/rosidl_adapter/cmake)
-- Found RTI Connext: /opt/rti.com/rti_connext_dds-5.3.1
-- Using all available rosidl_typesupport_cpp: rosidl_typesupport_connext_cpp;rosidl_typesupport_fastrtps_cpp;rosidl_typesupport_introspection_cpp
-- Found PythonInterp: /home/doe/anaconda3/bin/python3 (found version "3.8.8") 
-- Found ament_cmake_ros: 0.9.2 (/opt/ros/foxy/share/ament_cmake_ros/cmake)
-- Using all available rosidl_typesupport_c: rosidl_typesupport_connext_c;rosidl_typesupport_fastrtps_c;rosidl_typesupport_introspection_c
-- Using all available rosidl_typesupport_cpp: rosidl_typesupport_connext_cpp;rosidl_typesupport_fastrtps_cpp;rosidl_typesupport_introspection_cpp
-- Found PythonInterp: /home/doe/anaconda3/bin/python3 (found suitable version "3.8.8", minimum required is "3.5") 
-- Found python_cmake_module: 0.8.1 (/opt/ros/foxy/share/python_cmake_module/cmake)
-- Found PythonLibs: /home/doe/anaconda3/lib/libpython3.8.so (found suitable version "3.8.8", minimum required is "3.5") 
-- Using PYTHON_EXECUTABLE: /home/doe/anaconda3/bin/python3
-- Using PYTHON_INCLUDE_DIRS: /home/doe/anaconda3/include/python3.8
-- Using PYTHON_LIBRARIES: /home/doe/anaconda3/lib/libpython3.8.so
-- Found PythonExtra: .so  
-- Using numpy include directory: /home/doe/anaconda3/lib/python3.8/site-packages/numpy/core/include
-- Added test 'copyright' to check source files copyright and LICENSE
-- Added test 'lint_cmake' to check CMake code style
-- Added test 'xmllint' to check XML markup files
-- Configuring done
-- Generating done
-- Build files have been written to: /home/doe/dev_ws/build/tutorial_interfaces
[  1%] [34m[1mGenerating C code for ROS interfaces[0m
[  3%] [34m[1mGenerating DDS interfaces[0m
[  4%] [34m[1mGenerating C++ code for ROS interfaces[0m
[  4%] Built target tutorial_interfaces__dds_connext_idl
[  4%] Built target tutorial_interfaces__cpp
[  6%] [34m[1mGenerating C++ type support dispatch for ROS interfaces[0m
[ 10%] [34m[1mGenerating C++ type support for eProsima Fast-RTPS[0m
[ 10%] [34m[1mGenerating C++ introspection for ROS interfaces[0m
[ 10%] [34m[1mGenerating C++ type support for RTI Connext (using '/opt/rti.com/rti_connext_dds-5.3.1/bin/rtiddsgen_server')[0m
[ 12%] [32mBuilding C object CMakeFiles/tutorial_interfaces__rosidl_generator_c.dir/rosidl_generator_c/tutorial_interfaces/srv/detail/add_three_ints__functions.c.o[0m
[ 13%] [32mBuilding C object CMakeFiles/tutorial_interfaces__rosidl_generator_c.dir/rosidl_generator_c/tutorial_interfaces/msg/detail/num__functions.c.o[0m
[ 15%] [32m[1mLinking C shared library libtutorial_interfaces__rosidl_generator_c.so[0m
[ 15%] Built target tutorial_interfaces__rosidl_generator_c
[ 16%] [34m[1mGenerating C introspection for ROS interfaces[0m
[ 18%] [34m[1mGenerating C type support dispatch for ROS interfaces[0m
[ 20%] [32mBuilding CXX object CMakeFiles/tutorial_interfaces__rosidl_typesupport_cpp.dir/rosidl_typesupport_cpp/tutorial_interfaces/msg/num__type_support.cpp.o[0m
[ 21%] [32mBuilding CXX object CMakeFiles/tutorial_interfaces__rosidl_typesupport_cpp.dir/rosidl_typesupport_cpp/tutorial_interfaces/srv/add_three_ints__type_support.cpp.o[0m
[ 24%] [32mBuilding CXX object CMakeFiles/tutorial_interfaces__rosidl_typesupport_introspection_cpp.dir/rosidl_typesupport_introspection_cpp/tutorial_interfaces/srv/detail/add_three_ints__type_support.cpp.o[0m
[ 24%] [32mBuilding CXX object CMakeFiles/tutorial_interfaces__rosidl_typesupport_introspection_cpp.dir/rosidl_typesupport_introspection_cpp/tutorial_interfaces/msg/detail/num__type_support.cpp.o[0m
[ 26%] [32mBuilding CXX object CMakeFiles/tutorial_interfaces__rosidl_typesupport_fastrtps_cpp.dir/rosidl_typesupport_fastrtps_cpp/tutorial_interfaces/msg/detail/dds_fastrtps/num__type_support.cpp.o[0m
[ 27%] [32mBuilding CXX object CMakeFiles/tutorial_interfaces__rosidl_typesupport_fastrtps_cpp.dir/rosidl_typesupport_fastrtps_cpp/tutorial_interfaces/srv/detail/dds_fastrtps/add_three_ints__type_support.cpp.o[0m
[ 29%] [32mBuilding C object CMakeFiles/tutorial_interfaces__rosidl_typesupport_introspection_c.dir/rosidl_typesupport_introspection_c/tutorial_interfaces/srv/detail/add_three_ints__type_support.c.o[0m
[ 30%] [32mBuilding C object CMakeFiles/tutorial_interfaces__rosidl_typesupport_introspection_c.dir/rosidl_typesupport_introspection_c/tutorial_interfaces/msg/detail/num__type_support.c.o[0m
[ 32%] [32mBuilding CXX object CMakeFiles/tutorial_interfaces__rosidl_typesupport_c.dir/rosidl_typesupport_c/tutorial_interfaces/msg/num__type_support.cpp.o[0m
[ 33%] [32mBuilding CXX object CMakeFiles/tutorial_interfaces__rosidl_typesupport_c.dir/rosidl_typesupport_c/tutorial_interfaces/srv/add_three_ints__type_support.cpp.o[0m
[ 35%] [32m[1mLinking C shared library libtutorial_interfaces__rosidl_typesupport_introspection_c.so[0m
[ 36%] [32m[1mLinking CXX shared library libtutorial_interfaces__rosidl_typesupport_c.so[0m
[ 36%] Built target tutorial_interfaces__rosidl_typesupport_introspection_c
[ 36%] Built target tutorial_interfaces__rosidl_typesupport_c
[ 38%] [32m[1mLinking CXX shared library libtutorial_interfaces__rosidl_typesupport_cpp.so[0m
[ 38%] Built target tutorial_interfaces__rosidl_typesupport_cpp
[ 40%] [32m[1mLinking CXX shared library libtutorial_interfaces__rosidl_typesupport_introspection_cpp.so[0m
[ 40%] Built target tutorial_interfaces__rosidl_typesupport_introspection_cpp
[ 41%] [32m[1mLinking CXX shared library libtutorial_interfaces__rosidl_typesupport_fastrtps_cpp.so[0m
[ 41%] Built target tutorial_interfaces__rosidl_typesupport_fastrtps_cpp
[ 43%] [34m[1mGenerating C type support for eProsima Fast-RTPS[0m
INFO com.rti.ndds.nddsgen.Main Running rtiddsgen version 2.5.2, please wait ...
INFO com.rti.ndds.nddsgen.Main Done
[ 44%] [32mBuilding CXX object CMakeFiles/tutorial_interfaces__rosidl_typesupport_fastrtps_c.dir/rosidl_typesupport_fastrtps_c/tutorial_interfaces/msg/detail/num__type_support_c.cpp.o[0m
[ 46%] [32mBuilding CXX object CMakeFiles/tutorial_interfaces__rosidl_typesupport_fastrtps_c.dir/rosidl_typesupport_fastrtps_c/tutorial_interfaces/srv/detail/add_three_ints__type_support_c.cpp.o[0m
INFO com.rti.ndds.nddsgen.Main Running rtiddsgen version 2.5.2, please wait ...
INFO com.rti.ndds.nddsgen.Main Done
[ 50%] [32mBuilding CXX object CMakeFiles/tutorial_interfaces__rosidl_typesupport_connext_cpp.dir/rosidl_typesupport_connext_cpp/tutorial_interfaces/msg/dds_connext/Num_.cxx.o[0m
[ 50%] [32mBuilding CXX object CMakeFiles/tutorial_interfaces__rosidl_typesupport_connext_cpp.dir/rosidl_typesupport_connext_cpp/tutorial_interfaces/msg/dds_connext/num__type_support.cpp.o[0m
[ 52%] [32mBuilding CXX object CMakeFiles/tutorial_interfaces__rosidl_typesupport_connext_cpp.dir/rosidl_typesupport_connext_cpp/tutorial_interfaces/msg/dds_connext/Num_Support.cxx.o[0m
[ 52%] [32mBuilding CXX object CMakeFiles/tutorial_interfaces__rosidl_typesupport_connext_cpp.dir/rosidl_typesupport_connext_cpp/tutorial_interfaces/srv/dds_connext/add_three_ints__type_support.cpp.o[0m
[ 55%] [32mBuilding CXX object CMakeFiles/tutorial_interfaces__rosidl_typesupport_connext_cpp.dir/rosidl_typesupport_connext_cpp/tutorial_interfaces/msg/dds_connext/Num_Plugin.cxx.o[0m
[ 55%] [32mBuilding CXX object CMakeFiles/tutorial_interfaces__rosidl_typesupport_connext_cpp.dir/rosidl_typesupport_connext_cpp/tutorial_interfaces/srv/dds_connext/AddThreeInts_Plugin.cxx.o[0m
[ 56%] [32mBuilding CXX object CMakeFiles/tutorial_interfaces__rosidl_typesupport_connext_cpp.dir/rosidl_typesupport_connext_cpp/tutorial_interfaces/srv/dds_connext/AddThreeInts_.cxx.o[0m
[ 58%] [32mBuilding CXX object CMakeFiles/tutorial_interfaces__rosidl_typesupport_connext_cpp.dir/rosidl_typesupport_connext_cpp/tutorial_interfaces/srv/dds_connext/AddThreeInts_Support.cxx.o[0m
[ 60%] [32m[1mLinking CXX shared library libtutorial_interfaces__rosidl_typesupport_fastrtps_c.so[0m
[ 60%] Built target tutorial_interfaces__rosidl_typesupport_fastrtps_c
[ 61%] [32m[1mLinking CXX shared library libtutorial_interfaces__rosidl_typesupport_connext_cpp.so[0m
[ 63%] Built target tutorial_interfaces__rosidl_typesupport_connext_cpp
[ 64%] [34m[1mGenerating C type support for RTI Connext[0m
[ 66%] [32mBuilding CXX object CMakeFiles/tutorial_interfaces__rosidl_typesupport_connext_c.dir/rosidl_typesupport_connext_c/tutorial_interfaces/msg/dds_connext/num__type_support_c.cpp.o[0m
[ 67%] [32mBuilding CXX object CMakeFiles/tutorial_interfaces__rosidl_typesupport_connext_c.dir/rosidl_typesupport_connext_cpp/tutorial_interfaces/msg/dds_connext/Num_.cxx.o[0m
[ 69%] [32mBuilding CXX object CMakeFiles/tutorial_interfaces__rosidl_typesupport_connext_c.dir/rosidl_typesupport_connext_c/tutorial_interfaces/srv/dds_connext/add_three_ints__type_support_c.cpp.o[0m
[ 70%] [32mBuilding CXX object CMakeFiles/tutorial_interfaces__rosidl_typesupport_connext_c.dir/rosidl_typesupport_connext_cpp/tutorial_interfaces/msg/dds_connext/Num_Support.cxx.o[0m
[ 73%] [32mBuilding CXX object CMakeFiles/tutorial_interfaces__rosidl_typesupport_connext_c.dir/rosidl_typesupport_connext_cpp/tutorial_interfaces/srv/dds_connext/AddThreeInts_Plugin.cxx.o[0m
[ 73%] [32mBuilding CXX object CMakeFiles/tutorial_interfaces__rosidl_typesupport_connext_c.dir/rosidl_typesupport_connext_cpp/tutorial_interfaces/msg/dds_connext/Num_Plugin.cxx.o[0m
[ 75%] [32mBuilding CXX object CMakeFiles/tutorial_interfaces__rosidl_typesupport_connext_c.dir/rosidl_typesupport_connext_cpp/tutorial_interfaces/srv/dds_connext/AddThreeInts_Support.cxx.o[0m
[ 76%] [32mBuilding CXX object CMakeFiles/tutorial_interfaces__rosidl_typesupport_connext_c.dir/rosidl_typesupport_connext_cpp/tutorial_interfaces/srv/dds_connext/AddThreeInts_.cxx.o[0m
[ 78%] [32m[1mLinking CXX shared library libtutorial_interfaces__rosidl_typesupport_connext_c.so[0m
[ 81%] Built target tutorial_interfaces__rosidl_typesupport_connext_c
[ 81%] Built target tutorial_interfaces
[ 83%] [34m[1mGenerating Python code for ROS interfaces[0m
[ 83%] Built target tutorial_interfaces__py
[ 86%] [32mBuilding C object CMakeFiles/tutorial_interfaces__python.dir/rosidl_generator_py/tutorial_interfaces/srv/_add_three_ints_s.c.o[0m
[ 86%] [32mBuilding C object CMakeFiles/tutorial_interfaces__python.dir/rosidl_generator_py/tutorial_interfaces/msg/_num_s.c.o[0m
[ 87%] [32m[1mLinking C shared library rosidl_generator_py/tutorial_interfaces/libtutorial_interfaces__python.so[0m
[ 87%] Built target tutorial_interfaces__python
[ 90%] [32mBuilding C object CMakeFiles/tutorial_interfaces__rosidl_typesupport_c__pyext.dir/rosidl_generator_py/tutorial_interfaces/_tutorial_interfaces_s.ep.rosidl_typesupport_c.c.o[0m
[ 90%] [32mBuilding C object CMakeFiles/tutorial_interfaces__rosidl_typesupport_fastrtps_c__pyext.dir/rosidl_generator_py/tutorial_interfaces/_tutorial_interfaces_s.ep.rosidl_typesupport_fastrtps_c.c.o[0m
[ 92%] [32mBuilding C object CMakeFiles/tutorial_interfaces__rosidl_typesupport_connext_c__pyext.dir/rosidl_generator_py/tutorial_interfaces/_tutorial_interfaces_s.ep.rosidl_typesupport_connext_c.c.o[0m
[ 93%] [32mBuilding C object CMakeFiles/tutorial_interfaces__rosidl_typesupport_introspection_c__pyext.dir/rosidl_generator_py/tutorial_interfaces/_tutorial_interfaces_s.ep.rosidl_typesupport_introspection_c.c.o[0m
[ 98%] [32m[1mLinking CXX shared library rosidl_generator_py/tutorial_interfaces/tutorial_interfaces_s__rosidl_typesupport_fastrtps_c.cpython-38-x86_64-linux-gnu.so[0m
[ 98%] [32m[1mLinking C shared library rosidl_generator_py/tutorial_interfaces/tutorial_interfaces_s__rosidl_typesupport_connext_c.cpython-38-x86_64-linux-gnu.so[0m
[ 98%] [32m[1mLinking C shared library rosidl_generator_py/tutorial_interfaces/tutorial_interfaces_s__rosidl_typesupport_introspection_c.cpython-38-x86_64-linux-gnu.so[0m
[100%] [32m[1mLinking C shared library rosidl_generator_py/tutorial_interfaces/tutorial_interfaces_s__rosidl_typesupport_c.cpython-38-x86_64-linux-gnu.so[0m
[100%] Built target tutorial_interfaces__rosidl_typesupport_c__pyext
[100%] Built target tutorial_interfaces__rosidl_typesupport_introspection_c__pyext
[100%] Built target tutorial_interfaces__rosidl_typesupport_fastrtps_c__pyext
[100%] Built target tutorial_interfaces__rosidl_typesupport_connext_c__pyext
-- Install configuration: ""
-- Installing: /home/doe/dev_ws/install/tutorial_interfaces/share/ament_index/resource_index/rosidl_interfaces/tutorial_interfaces
-- Installing: /home/doe/dev_ws/install/tutorial_interfaces/include/tutorial_interfaces
-- Installing: /home/doe/dev_ws/install/tutorial_interfaces/include/tutorial_interfaces/msg
-- Installing: /home/doe/dev_ws/install/tutorial_interfaces/include/tutorial_interfaces/msg/detail
-- Installing: /home/doe/dev_ws/install/tutorial_interfaces/include/tutorial_interfaces/msg/detail/num__functions.h
-- Installing: /home/doe/dev_ws/install/tutorial_interfaces/include/tutorial_interfaces/msg/detail/num__type_support.h
-- Installing: /home/doe/dev_ws/install/tutorial_interfaces/include/tutorial_interfaces/msg/detail/num__struct.h
-- Installing: /home/doe/dev_ws/install/tutorial_interfaces/include/tutorial_interfaces/msg/detail/num__functions.c
-- Installing: /home/doe/dev_ws/install/tutorial_interfaces/include/tutorial_interfaces/msg/num.h
-- Installing: /home/doe/dev_ws/install/tutorial_interfaces/include/tutorial_interfaces/msg/rosidl_generator_c__visibility_control.h
-- Installing: /home/doe/dev_ws/install/tutorial_interfaces/include/tutorial_interfaces/srv
-- Installing: /home/doe/dev_ws/install/tutorial_interfaces/include/tutorial_interfaces/srv/detail
-- Installing: /home/doe/dev_ws/install/tutorial_interfaces/include/tutorial_interfaces/srv/detail/add_three_ints__struct.h
-- Installing: /home/doe/dev_ws/install/tutorial_interfaces/include/tutorial_interfaces/srv/detail/add_three_ints__functions.h
-- Installing: /home/doe/dev_ws/install/tutorial_interfaces/include/tutorial_interfaces/srv/detail/add_three_ints__functions.c
-- Installing: /home/doe/dev_ws/install/tutorial_interfaces/include/tutorial_interfaces/srv/detail/add_three_ints__type_support.h
-- Installing: /home/doe/dev_ws/install/tutorial_interfaces/include/tutorial_interfaces/srv/add_three_ints.h
-- Installing: /home/doe/dev_ws/install/tutorial_interfaces/share/tutorial_interfaces/environment/library_path.sh
-- Installing: /home/doe/dev_ws/install/tutorial_interfaces/share/tutorial_interfaces/environment/library_path.dsv
-- Installing: /home/doe/dev_ws/install/tutorial_interfaces/lib/libtutorial_interfaces__rosidl_generator_c.so
-- Set runtime path of "/home/doe/dev_ws/install/tutorial_interfaces/lib/libtutorial_interfaces__rosidl_generator_c.so" to ""
-- Up-to-date: /home/doe/dev_ws/install/tutorial_interfaces/include/tutorial_interfaces
-- Up-to-date: /home/doe/dev_ws/install/tutorial_interfaces/include/tutorial_interfaces/msg
-- Installing: /home/doe/dev_ws/install/tutorial_interfaces/include/tutorial_interfaces/msg/num__rosidl_typesupport_connext_c.h
-- Installing: /home/doe/dev_ws/install/tutorial_interfaces/include/tutorial_interfaces/msg/rosidl_typesupport_connext_c__visibility_control.h
-- Installing: /home/doe/dev_ws/install/tutorial_interfaces/include/tutorial_interfaces/msg/dds_connext
-- Up-to-date: /home/doe/dev_ws/install/tutorial_interfaces/include/tutorial_interfaces/srv
-- Installing: /home/doe/dev_ws/install/tutorial_interfaces/include/tutorial_interfaces/srv/add_three_ints__rosidl_typesupport_connext_c.h
-- Installing: /home/doe/dev_ws/install/tutorial_interfaces/include/tutorial_interfaces/srv/dds_connext
-- Installing: /home/doe/dev_ws/install/tutorial_interfaces/lib/libtutorial_interfaces__rosidl_typesupport_connext_c.so
-- Set runtime path of "/home/doe/dev_ws/install/tutorial_interfaces/lib/libtutorial_interfaces__rosidl_typesupport_connext_c.so" to ""
-- Installing: /home/doe/dev_ws/install/tutorial_interfaces/share/tutorial_interfaces/msg/dds_connext
-- Installing: /home/doe/dev_ws/install/tutorial_interfaces/share/tutorial_interfaces/msg/dds_connext/Num_.idl
-- Installing: /home/doe/dev_ws/install/tutorial_interfaces/share/tutorial_interfaces/srv/dds_connext
-- Installing: /home/doe/dev_ws/install/tutorial_interfaces/share/tutorial_interfaces/srv/dds_connext/AddThreeInts_.idl
-- Up-to-date: /home/doe/dev_ws/install/tutorial_interfaces/include/tutorial_interfaces
-- Up-to-date: /home/doe/dev_ws/install/tutorial_interfaces/include/tutorial_interfaces/msg
-- Installing: /home/doe/dev_ws/install/tutorial_interfaces/include/tutorial_interfaces/msg/rosidl_typesupport_connext_cpp__visibility_control.h
-- Installing: /home/doe/dev_ws/install/tutorial_interfaces/include/tutorial_interfaces/msg/num__rosidl_typesupport_connext_cpp.hpp
-- Up-to-date: /home/doe/dev_ws/install/tutorial_interfaces/include/tutorial_interfaces/msg/dds_connext
-- Installing: /home/doe/dev_ws/install/tutorial_interfaces/include/tutorial_interfaces/msg/dds_connext/Num_Plugin.cxx
-- Installing: /home/doe/dev_ws/install/tutorial_interfaces/include/tutorial_interfaces/msg/dds_connext/Num_.cxx
-- Installing: /home/doe/dev_ws/install/tutorial_interfaces/include/tutorial_interfaces/msg/dds_connext/Num_Support.h
-- Installing: /home/doe/dev_ws/install/tutorial_interfaces/include/tutorial_interfaces/msg/dds_connext/Num_.h
-- Installing: /home/doe/dev_ws/install/tutorial_interfaces/include/tutorial_interfaces/msg/dds_connext/Num_Support.cxx
-- Installing: /home/doe/dev_ws/install/tutorial_interfaces/include/tutorial_interfaces/msg/dds_connext/Num_Plugin.h
-- Up-to-date: /home/doe/dev_ws/install/tutorial_interfaces/include/tutorial_interfaces/srv
-- Installing: /home/doe/dev_ws/install/tutorial_interfaces/include/tutorial_interfaces/srv/add_three_ints__rosidl_typesupport_connext_cpp.hpp
-- Up-to-date: /home/doe/dev_ws/install/tutorial_interfaces/include/tutorial_interfaces/srv/dds_connext
-- Installing: /home/doe/dev_ws/install/tutorial_interfaces/include/tutorial_interfaces/srv/dds_connext/AddThreeInts_.h
-- Installing: /home/doe/dev_ws/install/tutorial_interfaces/include/tutorial_interfaces/srv/dds_connext/AddThreeInts_.cxx
-- Installing: /home/doe/dev_ws/install/tutorial_interfaces/include/tutorial_interfaces/srv/dds_connext/AddThreeInts_Support.h
-- Installing: /home/doe/dev_ws/install/tutorial_interfaces/include/tutorial_interfaces/srv/dds_connext/AddThreeInts_Support.cxx
-- Installing: /home/doe/dev_ws/install/tutorial_interfaces/include/tutorial_interfaces/srv/dds_connext/AddThreeInts_Plugin.h
-- Installing: /home/doe/dev_ws/install/tutorial_interfaces/include/tutorial_interfaces/srv/dds_connext/AddThreeInts_Plugin.cxx
-- Installing: /home/doe/dev_ws/install/tutorial_interfaces/lib/libtutorial_interfaces__rosidl_typesupport_connext_cpp.so
-- Set runtime path of "/home/doe/dev_ws/install/tutorial_interfaces/lib/libtutorial_interfaces__rosidl_typesupport_connext_cpp.so" to ""
-- Up-to-date: /home/doe/dev_ws/install/tutorial_interfaces/include/tutorial_interfaces
-- Up-to-date: /home/doe/dev_ws/install/tutorial_interfaces/include/tutorial_interfaces/msg
-- Up-to-date: /home/doe/dev_ws/install/tutorial_interfaces/include/tutorial_interfaces/msg/detail
-- Installing: /home/doe/dev_ws/install/tutorial_interfaces/include/tutorial_interfaces/msg/detail/num__rosidl_typesupport_fastrtps_c.h
-- Installing: /home/doe/dev_ws/install/tutorial_interfaces/include/tutorial_interfaces/msg/rosidl_typesupport_fastrtps_c__visibility_control.h
-- Up-to-date: /home/doe/dev_ws/install/tutorial_interfaces/include/tutorial_interfaces/srv
-- Up-to-date: /home/doe/dev_ws/install/tutorial_interfaces/include/tutorial_interfaces/srv/detail
-- Installing: /home/doe/dev_ws/install/tutorial_interfaces/include/tutorial_interfaces/srv/detail/add_three_ints__rosidl_typesupport_fastrtps_c.h
-- Installing: /home/doe/dev_ws/install/tutorial_interfaces/lib/libtutorial_interfaces__rosidl_typesupport_fastrtps_c.so
-- Set runtime path of "/home/doe/dev_ws/install/tutorial_interfaces/lib/libtutorial_interfaces__rosidl_typesupport_fastrtps_c.so" to ""
-- Up-to-date: /home/doe/dev_ws/install/tutorial_interfaces/include/tutorial_interfaces
-- Up-to-date: /home/doe/dev_ws/install/tutorial_interfaces/include/tutorial_interfaces/msg
-- Up-to-date: /home/doe/dev_ws/install/tutorial_interfaces/include/tutorial_interfaces/msg/detail
-- Installing: /home/doe/dev_ws/install/tutorial_interfaces/include/tutorial_interfaces/msg/detail/num__rosidl_typesupport_fastrtps_cpp.hpp
-- Installing: /home/doe/dev_ws/install/tutorial_interfaces/include/tutorial_interfaces/msg/detail/dds_fastrtps
-- Installing: /home/doe/dev_ws/install/tutorial_interfaces/include/tutorial_interfaces/msg/rosidl_typesupport_fastrtps_cpp__visibility_control.h
-- Up-to-date: /home/doe/dev_ws/install/tutorial_interfaces/include/tutorial_interfaces/srv
-- Up-to-date: /home/doe/dev_ws/install/tutorial_interfaces/include/tutorial_interfaces/srv/detail
-- Installing: /home/doe/dev_ws/install/tutorial_interfaces/include/tutorial_interfaces/srv/detail/add_three_ints__rosidl_typesupport_fastrtps_cpp.hpp
-- Installing: /home/doe/dev_ws/install/tutorial_interfaces/include/tutorial_interfaces/srv/detail/dds_fastrtps
-- Installing: /home/doe/dev_ws/install/tutorial_interfaces/lib/libtutorial_interfaces__rosidl_typesupport_fastrtps_cpp.so
-- Set runtime path of "/home/doe/dev_ws/install/tutorial_interfaces/lib/libtutorial_interfaces__rosidl_typesupport_fastrtps_cpp.so" to ""
-- Up-to-date: /home/doe/dev_ws/install/tutorial_interfaces/include/tutorial_interfaces
-- Up-to-date: /home/doe/dev_ws/install/tutorial_interfaces/include/tutorial_interfaces/msg
-- Up-to-date: /home/doe/dev_ws/install/tutorial_interfaces/include/tutorial_interfaces/msg/detail
-- Installing: /home/doe/dev_ws/install/tutorial_interfaces/include/tutorial_interfaces/msg/detail/num__type_support.c
-- Installing: /home/doe/dev_ws/install/tutorial_interfaces/include/tutorial_interfaces/msg/detail/num__rosidl_typesupport_introspection_c.h
-- Installing: /home/doe/dev_ws/install/tutorial_interfaces/include/tutorial_interfaces/msg/rosidl_typesupport_introspection_c__visibility_control.h
-- Up-to-date: /home/doe/dev_ws/install/tutorial_interfaces/include/tutorial_interfaces/srv
-- Up-to-date: /home/doe/dev_ws/install/tutorial_interfaces/include/tutorial_interfaces/srv/detail
-- Installing: /home/doe/dev_ws/install/tutorial_interfaces/include/tutorial_interfaces/srv/detail/add_three_ints__type_support.c
-- Installing: /home/doe/dev_ws/install/tutorial_interfaces/include/tutorial_interfaces/srv/detail/add_three_ints__rosidl_typesupport_introspection_c.h
-- Installing: /home/doe/dev_ws/install/tutorial_interfaces/lib/libtutorial_interfaces__rosidl_typesupport_introspection_c.so
-- Set runtime path of "/home/doe/dev_ws/install/tutorial_interfaces/lib/libtutorial_interfaces__rosidl_typesupport_introspection_c.so" to ""
-- Installing: /home/doe/dev_ws/install/tutorial_interfaces/lib/libtutorial_interfaces__rosidl_typesupport_c.so
-- Set runtime path of "/home/doe/dev_ws/install/tutorial_interfaces/lib/libtutorial_interfaces__rosidl_typesupport_c.so" to ""
-- Up-to-date: /home/doe/dev_ws/install/tutorial_interfaces/include/tutorial_interfaces
-- Up-to-date: /home/doe/dev_ws/install/tutorial_interfaces/include/tutorial_interfaces/msg
-- Up-to-date: /home/doe/dev_ws/install/tutorial_interfaces/include/tutorial_interfaces/msg/detail
-- Installing: /home/doe/dev_ws/install/tutorial_interfaces/include/tutorial_interfaces/msg/detail/num__builder.hpp
-- Installing: /home/doe/dev_ws/install/tutorial_interfaces/include/tutorial_interfaces/msg/detail/num__struct.hpp
-- Installing: /home/doe/dev_ws/install/tutorial_interfaces/include/tutorial_interfaces/msg/detail/num__traits.hpp
-- Installing: /home/doe/dev_ws/install/tutorial_interfaces/include/tutorial_interfaces/msg/num.hpp
-- Up-to-date: /home/doe/dev_ws/install/tutorial_interfaces/include/tutorial_interfaces/srv
-- Up-to-date: /home/doe/dev_ws/install/tutorial_interfaces/include/tutorial_interfaces/srv/detail
-- Installing: /home/doe/dev_ws/install/tutorial_interfaces/include/tutorial_interfaces/srv/detail/add_three_ints__builder.hpp
-- Installing: /home/doe/dev_ws/install/tutorial_interfaces/include/tutorial_interfaces/srv/detail/add_three_ints__struct.hpp
-- Installing: /home/doe/dev_ws/install/tutorial_interfaces/include/tutorial_interfaces/srv/detail/add_three_ints__traits.hpp
-- Installing: /home/doe/dev_ws/install/tutorial_interfaces/include/tutorial_interfaces/srv/add_three_ints.hpp
-- Up-to-date: /home/doe/dev_ws/install/tutorial_interfaces/include/tutorial_interfaces
-- Up-to-date: /home/doe/dev_ws/install/tutorial_interfaces/include/tutorial_interfaces/msg
-- Up-to-date: /home/doe/dev_ws/install/tutorial_interfaces/include/tutorial_interfaces/msg/detail
-- Installing: /home/doe/dev_ws/install/tutorial_interfaces/include/tutorial_interfaces/msg/detail/num__rosidl_typesupport_introspection_cpp.hpp
-- Installing: /home/doe/dev_ws/install/tutorial_interfaces/include/tutorial_interfaces/msg/detail/num__type_support.cpp
-- Up-to-date: /home/doe/dev_ws/install/tutorial_interfaces/include/tutorial_interfaces/srv
-- Up-to-date: /home/doe/dev_ws/install/tutorial_interfaces/include/tutorial_interfaces/srv/detail
-- Installing: /home/doe/dev_ws/install/tutorial_interfaces/include/tutorial_interfaces/srv/detail/add_three_ints__rosidl_typesupport_introspection_cpp.hpp
-- Installing: /home/doe/dev_ws/install/tutorial_interfaces/include/tutorial_interfaces/srv/detail/add_three_ints__type_support.cpp
-- Installing: /home/doe/dev_ws/install/tutorial_interfaces/lib/libtutorial_interfaces__rosidl_typesupport_introspection_cpp.so
-- Set runtime path of "/home/doe/dev_ws/install/tutorial_interfaces/lib/libtutorial_interfaces__rosidl_typesupport_introspection_cpp.so" to ""
-- Installing: /home/doe/dev_ws/install/tutorial_interfaces/lib/libtutorial_interfaces__rosidl_typesupport_cpp.so
-- Set runtime path of "/home/doe/dev_ws/install/tutorial_interfaces/lib/libtutorial_interfaces__rosidl_typesupport_cpp.so" to ""
-- Installing: /home/doe/dev_ws/install/tutorial_interfaces/share/tutorial_interfaces/environment/pythonpath.sh
-- Installing: /home/doe/dev_ws/install/tutorial_interfaces/share/tutorial_interfaces/environment/pythonpath.dsv
-- Installing: /home/doe/dev_ws/install/tutorial_interfaces/lib/python3.8/site-packages/tutorial_interfaces/__init__.py
Compiling '/home/doe/dev_ws/install/tutorial_interfaces/lib/python3.8/site-packages/tutorial_interfaces/__init__.py'...
-- Installing: /home/doe/dev_ws/install/tutorial_interfaces/lib/python3.8/site-packages/tutorial_interfaces/msg
-- Installing: /home/doe/dev_ws/install/tutorial_interfaces/lib/python3.8/site-packages/tutorial_interfaces/msg/_num_s.c
-- Installing: /home/doe/dev_ws/install/tutorial_interfaces/lib/python3.8/site-packages/tutorial_interfaces/msg/_num.py
-- Installing: /home/doe/dev_ws/install/tutorial_interfaces/lib/python3.8/site-packages/tutorial_interfaces/msg/__init__.py
-- Installing: /home/doe/dev_ws/install/tutorial_interfaces/lib/python3.8/site-packages/tutorial_interfaces/srv
-- Installing: /home/doe/dev_ws/install/tutorial_interfaces/lib/python3.8/site-packages/tutorial_interfaces/srv/__init__.py
-- Installing: /home/doe/dev_ws/install/tutorial_interfaces/lib/python3.8/site-packages/tutorial_interfaces/srv/_add_three_ints.py
-- Installing: /home/doe/dev_ws/install/tutorial_interfaces/lib/python3.8/site-packages/tutorial_interfaces/srv/_add_three_ints_s.c
-- Installing: /home/doe/dev_ws/install/tutorial_interfaces/lib/python3.8/site-packages/tutorial_interfaces/tutorial_interfaces_s__rosidl_typesupport_connext_c.cpython-38-x86_64-linux-gnu.so
-- Set runtime path of "/home/doe/dev_ws/install/tutorial_interfaces/lib/python3.8/site-packages/tutorial_interfaces/tutorial_interfaces_s__rosidl_typesupport_connext_c.cpython-38-x86_64-linux-gnu.so" to ""
-- Installing: /home/doe/dev_ws/install/tutorial_interfaces/lib/python3.8/site-packages/tutorial_interfaces/tutorial_interfaces_s__rosidl_typesupport_fastrtps_c.cpython-38-x86_64-linux-gnu.so
-- Set runtime path of "/home/doe/dev_ws/install/tutorial_interfaces/lib/python3.8/site-packages/tutorial_interfaces/tutorial_interfaces_s__rosidl_typesupport_fastrtps_c.cpython-38-x86_64-linux-gnu.so" to ""
-- Installing: /home/doe/dev_ws/install/tutorial_interfaces/lib/python3.8/site-packages/tutorial_interfaces/tutorial_interfaces_s__rosidl_typesupport_introspection_c.cpython-38-x86_64-linux-gnu.so
-- Set runtime path of "/home/doe/dev_ws/install/tutorial_interfaces/lib/python3.8/site-packages/tutorial_interfaces/tutorial_interfaces_s__rosidl_typesupport_introspection_c.cpython-38-x86_64-linux-gnu.so" to ""
-- Installing: /home/doe/dev_ws/install/tutorial_interfaces/lib/python3.8/site-packages/tutorial_interfaces/tutorial_interfaces_s__rosidl_typesupport_c.cpython-38-x86_64-linux-gnu.so
-- Set runtime path of "/home/doe/dev_ws/install/tutorial_interfaces/lib/python3.8/site-packages/tutorial_interfaces/tutorial_interfaces_s__rosidl_typesupport_c.cpython-38-x86_64-linux-gnu.so" to ""
-- Installing: /home/doe/dev_ws/install/tutorial_interfaces/lib/libtutorial_interfaces__python.so
-- Set runtime path of "/home/doe/dev_ws/install/tutorial_interfaces/lib/libtutorial_interfaces__python.so" to ""
-- Installing: /home/doe/dev_ws/install/tutorial_interfaces/share/tutorial_interfaces/msg/Num.idl
-- Installing: /home/doe/dev_ws/install/tutorial_interfaces/share/tutorial_interfaces/srv/AddThreeInts.idl
-- Installing: /home/doe/dev_ws/install/tutorial_interfaces/share/tutorial_interfaces/msg/Num.msg
-- Installing: /home/doe/dev_ws/install/tutorial_interfaces/share/tutorial_interfaces/srv/AddThreeInts.srv
-- Installing: /home/doe/dev_ws/install/tutorial_interfaces/share/tutorial_interfaces/srv/AddThreeInts_Request.msg
-- Installing: /home/doe/dev_ws/install/tutorial_interfaces/share/tutorial_interfaces/srv/AddThreeInts_Response.msg
-- Installing: /home/doe/dev_ws/install/tutorial_interfaces/share/ament_index/resource_index/package_run_dependencies/tutorial_interfaces
-- Installing: /home/doe/dev_ws/install/tutorial_interfaces/share/ament_index/resource_index/parent_prefix_path/tutorial_interfaces
-- Installing: /home/doe/dev_ws/install/tutorial_interfaces/share/tutorial_interfaces/environment/ament_prefix_path.sh
-- Installing: /home/doe/dev_ws/install/tutorial_interfaces/share/tutorial_interfaces/environment/ament_prefix_path.dsv
-- Installing: /home/doe/dev_ws/install/tutorial_interfaces/share/tutorial_interfaces/environment/path.sh
-- Installing: /home/doe/dev_ws/install/tutorial_interfaces/share/tutorial_interfaces/environment/path.dsv
-- Installing: /home/doe/dev_ws/install/tutorial_interfaces/share/tutorial_interfaces/local_setup.bash
-- Installing: /home/doe/dev_ws/install/tutorial_interfaces/share/tutorial_interfaces/local_setup.sh
-- Installing: /home/doe/dev_ws/install/tutorial_interfaces/share/tutorial_interfaces/local_setup.zsh
-- Installing: /home/doe/dev_ws/install/tutorial_interfaces/share/tutorial_interfaces/local_setup.dsv
-- Installing: /home/doe/dev_ws/install/tutorial_interfaces/share/tutorial_interfaces/package.dsv
-- Installing: /home/doe/dev_ws/install/tutorial_interfaces/share/ament_index/resource_index/packages/tutorial_interfaces
-- Installing: /home/doe/dev_ws/install/tutorial_interfaces/share/tutorial_interfaces/cmake/tutorial_interfaces__rosidl_generator_cExport.cmake
-- Installing: /home/doe/dev_ws/install/tutorial_interfaces/share/tutorial_interfaces/cmake/tutorial_interfaces__rosidl_generator_cExport-noconfig.cmake
-- Installing: /home/doe/dev_ws/install/tutorial_interfaces/share/tutorial_interfaces/cmake/tutorial_interfaces__rosidl_typesupport_introspection_cExport.cmake
-- Installing: /home/doe/dev_ws/install/tutorial_interfaces/share/tutorial_interfaces/cmake/tutorial_interfaces__rosidl_typesupport_introspection_cExport-noconfig.cmake
-- Installing: /home/doe/dev_ws/install/tutorial_interfaces/share/tutorial_interfaces/cmake/tutorial_interfaces__rosidl_typesupport_cExport.cmake
-- Installing: /home/doe/dev_ws/install/tutorial_interfaces/share/tutorial_interfaces/cmake/tutorial_interfaces__rosidl_typesupport_cExport-noconfig.cmake
-- Installing: /home/doe/dev_ws/install/tutorial_interfaces/share/tutorial_interfaces/cmake/tutorial_interfaces__rosidl_generator_cppExport.cmake
-- Installing: /home/doe/dev_ws/install/tutorial_interfaces/share/tutorial_interfaces/cmake/tutorial_interfaces__rosidl_typesupport_introspection_cppExport.cmake
-- Installing: /home/doe/dev_ws/install/tutorial_interfaces/share/tutorial_interfaces/cmake/tutorial_interfaces__rosidl_typesupport_introspection_cppExport-noconfig.cmake
-- Installing: /home/doe/dev_ws/install/tutorial_interfaces/share/tutorial_interfaces/cmake/tutorial_interfaces__rosidl_typesupport_cppExport.cmake
-- Installing: /home/doe/dev_ws/install/tutorial_interfaces/share/tutorial_interfaces/cmake/tutorial_interfaces__rosidl_typesupport_cppExport-noconfig.cmake
-- Installing: /home/doe/dev_ws/install/tutorial_interfaces/share/tutorial_interfaces/cmake/rosidl_cmake-extras.cmake
-- Installing: /home/doe/dev_ws/install/tutorial_interfaces/share/tutorial_interfaces/cmake/ament_cmake_export_dependencies-extras.cmake
-- Installing: /home/doe/dev_ws/install/tutorial_interfaces/share/tutorial_interfaces/cmake/ament_cmake_export_libraries-extras.cmake
-- Installing: /home/doe/dev_ws/install/tutorial_interfaces/share/tutorial_interfaces/cmake/ament_cmake_export_targets-extras.cmake
-- Installing: /home/doe/dev_ws/install/tutorial_interfaces/share/tutorial_interfaces/cmake/ament_cmake_export_include_directories-extras.cmake
-- Installing: /home/doe/dev_ws/install/tutorial_interfaces/share/tutorial_interfaces/cmake/rosidl_cmake_export_typesupport_libraries-extras.cmake
-- Installing: /home/doe/dev_ws/install/tutorial_interfaces/share/tutorial_interfaces/cmake/rosidl_cmake_export_typesupport_targets-extras.cmake
-- Installing: /home/doe/dev_ws/install/tutorial_interfaces/share/tutorial_interfaces/cmake/tutorial_interfacesConfig.cmake
-- Installing: /home/doe/dev_ws/install/tutorial_interfaces/share/tutorial_interfaces/cmake/tutorial_interfacesConfig-version.cmake
-- Installing: /home/doe/dev_ws/install/tutorial_interfaces/share/tutorial_interfaces/package.xml
