[0.021s] Invoking command in '/home/doe/dev_ws/build/tutorial_interfaces': CMAKE_PREFIX_PATH=/home/doe/dev_ws/install/py_srvcli:/opt/ros/foxy CONDA_PROMPT_MODIFIER=(base) /usr/bin/cmake /home/doe/dev_ws/src/tutorial_interfaces -DCMAKE_INSTALL_PREFIX=/home/doe/dev_ws/install/tutorial_interfaces
[0.026s] -- Found ament_cmake: 0.9.9 (/opt/ros/foxy/share/ament_cmake/cmake)
[0.042s] -- Using PYTHON_EXECUTABLE: /home/doe/anaconda3/bin/python3
[0.198s] -- Found ament_lint_auto: 0.9.6 (/opt/ros/foxy/share/ament_lint_auto/cmake)
[0.239s] -- Found rosidl_default_generators: 1.0.1 (/opt/ros/foxy/share/rosidl_default_generators/cmake)
[0.239s] -- Using all available rosidl_typesupport_c: rosidl_typesupport_connext_c;rosidl_typesupport_fastrtps_c;rosidl_typesupport_introspection_c
[0.241s] -- Found rosidl_adapter: 1.2.1 (/opt/ros/foxy/share/rosidl_adapter/cmake)
[0.251s] -- Found RTI Connext: /opt/rti.com/rti_connext_dds-5.3.1
[0.252s] [33mCMake Warning (dev) at /opt/ros/foxy/share/connext_cmake_module/cmake/Modules/FindConnext.cmake:163 (list):
[0.252s]   Policy CMP0121 is not set: The list() command now validates parsing of
[0.252s]   index arguments.  Run "cmake --help-policy CMP0121" for policy details.
[0.253s]   Use the cmake_policy command to set the policy and suppress this warning.
[0.253s]   Invalid list index "libnddsc.so".
[0.253s] Call Stack (most recent call first):
[0.253s]   /opt/ros/foxy/share/connext_cmake_module/cmake/Modules/FindConnext.cmake:198 (_count_found_libraries)
[0.253s]   /opt/ros/foxy/share/rosidl_typesupport_connext_c/cmake/rosidl_typesupport_connext_c-extras.cmake:5 (find_package)
[0.253s]   /opt/ros/foxy/share/rosidl_typesupport_connext_c/cmake/rosidl_typesupport_connext_cConfig.cmake:41 (include)
[0.253s]   /opt/ros/foxy/share/rosidl_typesupport_c/cmake/rosidl_typesupport_c-extras.cmake:13 (find_package)
[0.253s]   /opt/ros/foxy/share/rosidl_typesupport_c/cmake/rosidl_typesupport_cConfig.cmake:41 (include)
[0.253s]   /opt/ros/foxy/share/rosidl_default_generators/cmake/rosidl_default_generators-extras.cmake:21 (find_package)
[0.253s]   /opt/ros/foxy/share/rosidl_default_generators/cmake/rosidl_default_generatorsConfig.cmake:41 (include)
[0.253s]   CMakeLists.txt:35 (find_package)
[0.253s] This warning is for project developers.  Use -Wno-dev to suppress it.
[0.253s] [0m
[0.253s] [33mCMake Warning (dev) at /opt/ros/foxy/share/connext_cmake_module/cmake/Modules/FindConnext.cmake:163 (list):
[0.253s]   Policy CMP0121 is not set: The list() command now validates parsing of
[0.253s]   index arguments.  Run "cmake --help-policy CMP0121" for policy details.
[0.253s]   Use the cmake_policy command to set the policy and suppress this warning.
[0.254s]   Invalid list index "libnddscore.so".
[0.254s] Call Stack (most recent call first):
[0.254s]   /opt/ros/foxy/share/connext_cmake_module/cmake/Modules/FindConnext.cmake:198 (_count_found_libraries)
[0.254s]   /opt/ros/foxy/share/rosidl_typesupport_connext_c/cmake/rosidl_typesupport_connext_c-extras.cmake:5 (find_package)
[0.254s]   /opt/ros/foxy/share/rosidl_typesupport_connext_c/cmake/rosidl_typesupport_connext_cConfig.cmake:41 (include)
[0.254s]   /opt/ros/foxy/share/rosidl_typesupport_c/cmake/rosidl_typesupport_c-extras.cmake:13 (find_package)
[0.254s]   /opt/ros/foxy/share/rosidl_typesupport_c/cmake/rosidl_typesupport_cConfig.cmake:41 (include)
[0.254s]   /opt/ros/foxy/share/rosidl_default_generators/cmake/rosidl_default_generators-extras.cmake:21 (find_package)
[0.254s]   /opt/ros/foxy/share/rosidl_default_generators/cmake/rosidl_default_generatorsConfig.cmake:41 (include)
[0.254s]   CMakeLists.txt:35 (find_package)
[0.254s] This warning is for project developers.  Use -Wno-dev to suppress it.
[0.254s] [0m
[0.254s] [33mCMake Warning (dev) at /opt/ros/foxy/share/connext_cmake_module/cmake/Modules/FindConnext.cmake:163 (list):
[0.254s]   Policy CMP0121 is not set: The list() command now validates parsing of
[0.254s]   index arguments.  Run "cmake --help-policy CMP0121" for policy details.
[0.254s]   Use the cmake_policy command to set the policy and suppress this warning.
[0.254s]   Invalid list index "libnddscpp.so".
[0.255s] Call Stack (most recent call first):
[0.255s]   /opt/ros/foxy/share/connext_cmake_module/cmake/Modules/FindConnext.cmake:198 (_count_found_libraries)
[0.255s]   /opt/ros/foxy/share/rosidl_typesupport_connext_c/cmake/rosidl_typesupport_connext_c-extras.cmake:5 (find_package)
[0.255s]   /opt/ros/foxy/share/rosidl_typesupport_connext_c/cmake/rosidl_typesupport_connext_cConfig.cmake:41 (include)
[0.255s]   /opt/ros/foxy/share/rosidl_typesupport_c/cmake/rosidl_typesupport_c-extras.cmake:13 (find_package)
[0.255s]   /opt/ros/foxy/share/rosidl_typesupport_c/cmake/rosidl_typesupport_cConfig.cmake:41 (include)
[0.255s]   /opt/ros/foxy/share/rosidl_default_generators/cmake/rosidl_default_generators-extras.cmake:21 (find_package)
[0.255s]   /opt/ros/foxy/share/rosidl_default_generators/cmake/rosidl_default_generatorsConfig.cmake:41 (include)
[0.255s]   CMakeLists.txt:35 (find_package)
[0.255s] This warning is for project developers.  Use -Wno-dev to suppress it.
[0.255s] [0m
[0.255s] [33mCMake Warning (dev) at /opt/ros/foxy/share/connext_cmake_module/cmake/Modules/FindConnext.cmake:163 (list):
[0.255s]   Policy CMP0121 is not set: The list() command now validates parsing of
[0.255s]   index arguments.  Run "cmake --help-policy CMP0121" for policy details.
[0.255s]   Use the cmake_policy command to set the policy and suppress this warning.
[0.255s]   Invalid list index "librticonnextmsgcpp.so".
[0.255s] Call Stack (most recent call first):
[0.255s]   /opt/ros/foxy/share/connext_cmake_module/cmake/Modules/FindConnext.cmake:198 (_count_found_libraries)
[0.256s]   /opt/ros/foxy/share/rosidl_typesupport_connext_c/cmake/rosidl_typesupport_connext_c-extras.cmake:5 (find_package)
[0.256s]   /opt/ros/foxy/share/rosidl_typesupport_connext_c/cmake/rosidl_typesupport_connext_cConfig.cmake:41 (include)
[0.256s]   /opt/ros/foxy/share/rosidl_typesupport_c/cmake/rosidl_typesupport_c-extras.cmake:13 (find_package)
[0.256s]   /opt/ros/foxy/share/rosidl_typesupport_c/cmake/rosidl_typesupport_cConfig.cmake:41 (include)
[0.256s]   /opt/ros/foxy/share/rosidl_default_generators/cmake/rosidl_default_generators-extras.cmake:21 (find_package)
[0.256s]   /opt/ros/foxy/share/rosidl_default_generators/cmake/rosidl_default_generatorsConfig.cmake:41 (include)
[0.256s]   CMakeLists.txt:35 (find_package)
[0.256s] This warning is for project developers.  Use -Wno-dev to suppress it.
[0.256s] [0m
[0.256s] [33mCMake Warning (dev) at /opt/ros/foxy/share/connext_cmake_module/cmake/Modules/FindConnext.cmake:163 (list):
[0.256s]   Policy CMP0121 is not set: The list() command now validates parsing of
[0.256s]   index arguments.  Run "cmake --help-policy CMP0121" for policy details.
[0.256s]   Use the cmake_policy command to set the policy and suppress this warning.
[0.256s]   Invalid list index "libnddscd.so".
[0.256s] Call Stack (most recent call first):
[0.256s]   /opt/ros/foxy/share/connext_cmake_module/cmake/Modules/FindConnext.cmake:199 (_count_found_libraries)
[0.256s]   /opt/ros/foxy/share/rosidl_typesupport_connext_c/cmake/rosidl_typesupport_connext_c-extras.cmake:5 (find_package)
[0.257s]   /opt/ros/foxy/share/rosidl_typesupport_connext_c/cmake/rosidl_typesupport_connext_cConfig.cmake:41 (include)
[0.257s]   /opt/ros/foxy/share/rosidl_typesupport_c/cmake/rosidl_typesupport_c-extras.cmake:13 (find_package)
[0.257s]   /opt/ros/foxy/share/rosidl_typesupport_c/cmake/rosidl_typesupport_cConfig.cmake:41 (include)
[0.257s]   /opt/ros/foxy/share/rosidl_default_generators/cmake/rosidl_default_generators-extras.cmake:21 (find_package)
[0.257s]   /opt/ros/foxy/share/rosidl_default_generators/cmake/rosidl_default_generatorsConfig.cmake:41 (include)
[0.257s]   CMakeLists.txt:35 (find_package)
[0.257s] This warning is for project developers.  Use -Wno-dev to suppress it.
[0.257s] [0m
[0.257s] [33mCMake Warning (dev) at /opt/ros/foxy/share/connext_cmake_module/cmake/Modules/FindConnext.cmake:163 (list):
[0.257s]   Policy CMP0121 is not set: The list() command now validates parsing of
[0.257s]   index arguments.  Run "cmake --help-policy CMP0121" for policy details.
[0.257s]   Use the cmake_policy command to set the policy and suppress this warning.
[0.257s]   Invalid list index "libnddscored.so".
[0.257s] Call Stack (most recent call first):
[0.257s]   /opt/ros/foxy/share/connext_cmake_module/cmake/Modules/FindConnext.cmake:199 (_count_found_libraries)
[0.257s]   /opt/ros/foxy/share/rosidl_typesupport_connext_c/cmake/rosidl_typesupport_connext_c-extras.cmake:5 (find_package)
[0.257s]   /opt/ros/foxy/share/rosidl_typesupport_connext_c/cmake/rosidl_typesupport_connext_cConfig.cmake:41 (include)
[0.258s]   /opt/ros/foxy/share/rosidl_typesupport_c/cmake/rosidl_typesupport_c-extras.cmake:13 (find_package)
[0.258s]   /opt/ros/foxy/share/rosidl_typesupport_c/cmake/rosidl_typesupport_cConfig.cmake:41 (include)
[0.258s]   /opt/ros/foxy/share/rosidl_default_generators/cmake/rosidl_default_generators-extras.cmake:21 (find_package)
[0.258s]   /opt/ros/foxy/share/rosidl_default_generators/cmake/rosidl_default_generatorsConfig.cmake:41 (include)
[0.258s]   CMakeLists.txt:35 (find_package)
[0.258s] This warning is for project developers.  Use -Wno-dev to suppress it.
[0.258s] [0m
[0.258s] [33mCMake Warning (dev) at /opt/ros/foxy/share/connext_cmake_module/cmake/Modules/FindConnext.cmake:163 (list):
[0.258s]   Policy CMP0121 is not set: The list() command now validates parsing of
[0.258s]   index arguments.  Run "cmake --help-policy CMP0121" for policy details.
[0.258s]   Use the cmake_policy command to set the policy and suppress this warning.
[0.258s]   Invalid list index "libnddscppd.so".
[0.258s] Call Stack (most recent call first):
[0.258s]   /opt/ros/foxy/share/connext_cmake_module/cmake/Modules/FindConnext.cmake:199 (_count_found_libraries)
[0.258s]   /opt/ros/foxy/share/rosidl_typesupport_connext_c/cmake/rosidl_typesupport_connext_c-extras.cmake:5 (find_package)
[0.258s]   /opt/ros/foxy/share/rosidl_typesupport_connext_c/cmake/rosidl_typesupport_connext_cConfig.cmake:41 (include)
[0.258s]   /opt/ros/foxy/share/rosidl_typesupport_c/cmake/rosidl_typesupport_c-extras.cmake:13 (find_package)
[0.258s]   /opt/ros/foxy/share/rosidl_typesupport_c/cmake/rosidl_typesupport_cConfig.cmake:41 (include)
[0.259s]   /opt/ros/foxy/share/rosidl_default_generators/cmake/rosidl_default_generators-extras.cmake:21 (find_package)
[0.259s]   /opt/ros/foxy/share/rosidl_default_generators/cmake/rosidl_default_generatorsConfig.cmake:41 (include)
[0.259s]   CMakeLists.txt:35 (find_package)
[0.259s] This warning is for project developers.  Use -Wno-dev to suppress it.
[0.259s] [0m
[0.259s] [33mCMake Warning (dev) at /opt/ros/foxy/share/connext_cmake_module/cmake/Modules/FindConnext.cmake:163 (list):
[0.259s]   Policy CMP0121 is not set: The list() command now validates parsing of
[0.259s]   index arguments.  Run "cmake --help-policy CMP0121" for policy details.
[0.259s]   Use the cmake_policy command to set the policy and suppress this warning.
[0.259s]   Invalid list index "librticonnextmsgcppd.so".
[0.259s] Call Stack (most recent call first):
[0.259s]   /opt/ros/foxy/share/connext_cmake_module/cmake/Modules/FindConnext.cmake:199 (_count_found_libraries)
[0.259s]   /opt/ros/foxy/share/rosidl_typesupport_connext_c/cmake/rosidl_typesupport_connext_c-extras.cmake:5 (find_package)
[0.259s]   /opt/ros/foxy/share/rosidl_typesupport_connext_c/cmake/rosidl_typesupport_connext_cConfig.cmake:41 (include)
[0.259s]   /opt/ros/foxy/share/rosidl_typesupport_c/cmake/rosidl_typesupport_c-extras.cmake:13 (find_package)
[0.259s]   /opt/ros/foxy/share/rosidl_typesupport_c/cmake/rosidl_typesupport_cConfig.cmake:41 (include)
[0.259s]   /opt/ros/foxy/share/rosidl_default_generators/cmake/rosidl_default_generators-extras.cmake:21 (find_package)
[0.260s]   /opt/ros/foxy/share/rosidl_default_generators/cmake/rosidl_default_generatorsConfig.cmake:41 (include)
[0.260s]   CMakeLists.txt:35 (find_package)
[0.260s] This warning is for project developers.  Use -Wno-dev to suppress it.
[0.260s] [0m
[0.260s] [0mCMake Deprecation Warning at /home/doe/dev_ws/build/tutorial_interfaces/connext_cmake_module/check_abi/CMakeLists.txt:15 (cmake_minimum_required):
[0.260s]   Compatibility with CMake < 2.8.12 will be removed from a future version of
[0.260s]   CMake.
[0.260s] 
[0.260s]   Update the VERSION argument <min> value or use a ...<max> suffix to tell
[0.260s]   CMake that the project does not need compatibility with older versions.
[0.260s] 
[0.260s] [0m
[0.456s] -- Using all available rosidl_typesupport_cpp: rosidl_typesupport_connext_cpp;rosidl_typesupport_fastrtps_cpp;rosidl_typesupport_introspection_cpp
[0.483s] -- Found PythonInterp: /home/doe/anaconda3/bin/python3 (found version "3.8.8") 
[0.539s] -- Found ament_cmake_ros: 0.9.2 (/opt/ros/foxy/share/ament_cmake_ros/cmake)
[0.590s] -- Using all available rosidl_typesupport_c: rosidl_typesupport_connext_c;rosidl_typesupport_fastrtps_c;rosidl_typesupport_introspection_c
[0.597s] -- Using all available rosidl_typesupport_cpp: rosidl_typesupport_connext_cpp;rosidl_typesupport_fastrtps_cpp;rosidl_typesupport_introspection_cpp
[0.618s] -- Found PythonInterp: /home/doe/anaconda3/bin/python3 (found suitable version "3.8.8", minimum required is "3.5") 
[0.619s] -- Found python_cmake_module: 0.8.1 (/opt/ros/foxy/share/python_cmake_module/cmake)
[0.639s] -- Found PythonLibs: /home/doe/anaconda3/lib/libpython3.8.so (found suitable version "3.8.8", minimum required is "3.5") 
[0.639s] -- Using PYTHON_EXECUTABLE: /home/doe/anaconda3/bin/python3
[0.639s] -- Using PYTHON_INCLUDE_DIRS: /home/doe/anaconda3/include/python3.8
[0.639s] -- Using PYTHON_LIBRARIES: /home/doe/anaconda3/lib/libpython3.8.so
[0.656s] -- Found PythonExtra: .so  
[0.979s] -- Using numpy include directory: /home/doe/anaconda3/lib/python3.8/site-packages/numpy/core/include
[0.986s] -- Added test 'copyright' to check source files copyright and LICENSE
[0.986s] -- Added test 'lint_cmake' to check CMake code style
[0.987s] -- Added test 'xmllint' to check XML markup files
[0.991s] -- Configuring done
[1.011s] [33mCMake Warning at /opt/ros/foxy/share/rosidl_generator_py/cmake/rosidl_generator_py_generate_interfaces.cmake:235 (add_library):
[1.011s]   Cannot generate a safe runtime search path for target
[1.011s]   tutorial_interfaces__rosidl_typesupport_fastrtps_c__pyext because files in
[1.011s]   some directories may conflict with libraries in implicit directories:
[1.011s] 
[1.011s]     runtime library [libssl.so.1.1] in /usr/lib/x86_64-linux-gnu may be hidden by files in:
[1.011s]       /home/doe/anaconda3/lib
[1.011s]     runtime library [libcrypto.so.1.1] in /usr/lib/x86_64-linux-gnu may be hidden by files in:
[1.011s]       /home/doe/anaconda3/lib
[1.011s] 
[1.011s]   Some of these libraries may not be found correctly.
[1.011s] Call Stack (most recent call first):
[1.011s]   /opt/ros/foxy/share/ament_cmake_core/cmake/core/ament_execute_extensions.cmake:48 (include)
[1.011s]   /opt/ros/foxy/share/rosidl_cmake/cmake/rosidl_generate_interfaces.cmake:286 (ament_execute_extensions)
[1.012s]   CMakeLists.txt:37 (rosidl_generate_interfaces)
[1.012s] 
[1.012s] [0m
[1.015s] -- Generating done
[1.016s] -- Build files have been written to: /home/doe/dev_ws/build/tutorial_interfaces
[1.020s] Invoked command in '/home/doe/dev_ws/build/tutorial_interfaces' returned '0': CMAKE_PREFIX_PATH=/home/doe/dev_ws/install/py_srvcli:/opt/ros/foxy CONDA_PROMPT_MODIFIER=(base) /usr/bin/cmake /home/doe/dev_ws/src/tutorial_interfaces -DCMAKE_INSTALL_PREFIX=/home/doe/dev_ws/install/tutorial_interfaces
[1.021s] Invoking command in '/home/doe/dev_ws/build/tutorial_interfaces': CMAKE_PREFIX_PATH=/home/doe/dev_ws/install/py_srvcli:/opt/ros/foxy CONDA_PROMPT_MODIFIER=(base) /usr/bin/cmake --build /home/doe/dev_ws/build/tutorial_interfaces -- -j16 -l16
[1.034s] [  1%] [34m[1mGenerating C code for ROS interfaces[0m
[1.036s] [  3%] [34m[1mGenerating DDS interfaces[0m
[1.037s] [  4%] [34m[1mGenerating C++ code for ROS interfaces[0m
[1.184s] [  4%] Built target tutorial_interfaces__dds_connext_idl
[1.228s] [  4%] Built target tutorial_interfaces__cpp
[1.231s] [  6%] [34m[1mGenerating C++ type support dispatch for ROS interfaces[0m
[1.231s] [ 10%] [34m[1mGenerating C++ type support for eProsima Fast-RTPS[0m
[1.232s] [ 10%] [34m[1mGenerating C++ introspection for ROS interfaces[0m
[1.232s] [ 10%] [34m[1mGenerating C++ type support for RTI Connext (using '/opt/rti.com/rti_connext_dds-5.3.1/bin/rtiddsgen_server')[0m
[1.236s] [ 12%] [32mBuilding C object CMakeFiles/tutorial_interfaces__rosidl_generator_c.dir/rosidl_generator_c/tutorial_interfaces/srv/detail/add_three_ints__functions.c.o[0m
[1.236s] [ 13%] [32mBuilding C object CMakeFiles/tutorial_interfaces__rosidl_generator_c.dir/rosidl_generator_c/tutorial_interfaces/msg/detail/num__functions.c.o[0m
[1.263s] [ 15%] [32m[1mLinking C shared library libtutorial_interfaces__rosidl_generator_c.so[0m
[1.278s] [ 15%] Built target tutorial_interfaces__rosidl_generator_c
[1.281s] [ 16%] [34m[1mGenerating C introspection for ROS interfaces[0m
[1.281s] [ 18%] [34m[1mGenerating C type support dispatch for ROS interfaces[0m
[1.401s] [ 20%] [32mBuilding CXX object CMakeFiles/tutorial_interfaces__rosidl_typesupport_cpp.dir/rosidl_typesupport_cpp/tutorial_interfaces/msg/num__type_support.cpp.o[0m
[1.402s] [ 21%] [32mBuilding CXX object CMakeFiles/tutorial_interfaces__rosidl_typesupport_cpp.dir/rosidl_typesupport_cpp/tutorial_interfaces/srv/add_three_ints__type_support.cpp.o[0m
[1.425s] [ 24%] [32mBuilding CXX object CMakeFiles/tutorial_interfaces__rosidl_typesupport_introspection_cpp.dir/rosidl_typesupport_introspection_cpp/tutorial_interfaces/srv/detail/add_three_ints__type_support.cpp.o[0m
[1.425s] [ 24%] [32mBuilding CXX object CMakeFiles/tutorial_interfaces__rosidl_typesupport_introspection_cpp.dir/rosidl_typesupport_introspection_cpp/tutorial_interfaces/msg/detail/num__type_support.cpp.o[0m
[1.443s] [ 26%] [32mBuilding CXX object CMakeFiles/tutorial_interfaces__rosidl_typesupport_fastrtps_cpp.dir/rosidl_typesupport_fastrtps_cpp/tutorial_interfaces/msg/detail/dds_fastrtps/num__type_support.cpp.o[0m
[1.444s] [ 27%] [32mBuilding CXX object CMakeFiles/tutorial_interfaces__rosidl_typesupport_fastrtps_cpp.dir/rosidl_typesupport_fastrtps_cpp/tutorial_interfaces/srv/detail/dds_fastrtps/add_three_ints__type_support.cpp.o[0m
[1.500s] [ 29%] [32mBuilding C object CMakeFiles/tutorial_interfaces__rosidl_typesupport_introspection_c.dir/rosidl_typesupport_introspection_c/tutorial_interfaces/srv/detail/add_three_ints__type_support.c.o[0m
[1.500s] [ 30%] [32mBuilding C object CMakeFiles/tutorial_interfaces__rosidl_typesupport_introspection_c.dir/rosidl_typesupport_introspection_c/tutorial_interfaces/msg/detail/num__type_support.c.o[0m
[1.502s] [ 32%] [32mBuilding CXX object CMakeFiles/tutorial_interfaces__rosidl_typesupport_c.dir/rosidl_typesupport_c/tutorial_interfaces/msg/num__type_support.cpp.o[0m
[1.502s] [ 33%] [32mBuilding CXX object CMakeFiles/tutorial_interfaces__rosidl_typesupport_c.dir/rosidl_typesupport_c/tutorial_interfaces/srv/add_three_ints__type_support.cpp.o[0m
[1.528s] [ 35%] [32m[1mLinking C shared library libtutorial_interfaces__rosidl_typesupport_introspection_c.so[0m
[1.529s] [ 36%] [32m[1mLinking CXX shared library libtutorial_interfaces__rosidl_typesupport_c.so[0m
[1.542s] [ 36%] Built target tutorial_interfaces__rosidl_typesupport_introspection_c
[1.548s] [ 36%] Built target tutorial_interfaces__rosidl_typesupport_c
[1.645s] [ 38%] [32m[1mLinking CXX shared library libtutorial_interfaces__rosidl_typesupport_cpp.so[0m
[1.671s] [ 38%] Built target tutorial_interfaces__rosidl_typesupport_cpp
[1.676s] [ 40%] [32m[1mLinking CXX shared library libtutorial_interfaces__rosidl_typesupport_introspection_cpp.so[0m
[1.696s] [ 40%] Built target tutorial_interfaces__rosidl_typesupport_introspection_cpp
[1.759s] [ 41%] [32m[1mLinking CXX shared library libtutorial_interfaces__rosidl_typesupport_fastrtps_cpp.so[0m
[1.823s] [ 41%] Built target tutorial_interfaces__rosidl_typesupport_fastrtps_cpp
[1.826s] [ 43%] [34m[1mGenerating C type support for eProsima Fast-RTPS[0m
[2.034s] INFO com.rti.ndds.nddsgen.Main Running rtiddsgen version 2.5.2, please wait ...
[2.034s] INFO com.rti.ndds.nddsgen.Main Done
[2.079s] [ 44%] [32mBuilding CXX object CMakeFiles/tutorial_interfaces__rosidl_typesupport_fastrtps_c.dir/rosidl_typesupport_fastrtps_c/tutorial_interfaces/msg/detail/num__type_support_c.cpp.o[0m
[2.081s] [ 46%] [32mBuilding CXX object CMakeFiles/tutorial_interfaces__rosidl_typesupport_fastrtps_c.dir/rosidl_typesupport_fastrtps_c/tutorial_interfaces/srv/detail/add_three_ints__type_support_c.cpp.o[0m
[2.181s] INFO com.rti.ndds.nddsgen.Main Running rtiddsgen version 2.5.2, please wait ...
[2.182s] INFO com.rti.ndds.nddsgen.Main Done
[2.233s] [ 50%] [32mBuilding CXX object CMakeFiles/tutorial_interfaces__rosidl_typesupport_connext_cpp.dir/rosidl_typesupport_connext_cpp/tutorial_interfaces/msg/dds_connext/Num_.cxx.o[0m
[2.233s] [ 50%] [32mBuilding CXX object CMakeFiles/tutorial_interfaces__rosidl_typesupport_connext_cpp.dir/rosidl_typesupport_connext_cpp/tutorial_interfaces/msg/dds_connext/num__type_support.cpp.o[0m
[2.233s] [ 52%] [32mBuilding CXX object CMakeFiles/tutorial_interfaces__rosidl_typesupport_connext_cpp.dir/rosidl_typesupport_connext_cpp/tutorial_interfaces/msg/dds_connext/Num_Support.cxx.o[0m
[2.233s] [ 52%] [32mBuilding CXX object CMakeFiles/tutorial_interfaces__rosidl_typesupport_connext_cpp.dir/rosidl_typesupport_connext_cpp/tutorial_interfaces/srv/dds_connext/add_three_ints__type_support.cpp.o[0m
[2.234s] [ 55%] [32mBuilding CXX object CMakeFiles/tutorial_interfaces__rosidl_typesupport_connext_cpp.dir/rosidl_typesupport_connext_cpp/tutorial_interfaces/msg/dds_connext/Num_Plugin.cxx.o[0m
[2.234s] [ 55%] [32mBuilding CXX object CMakeFiles/tutorial_interfaces__rosidl_typesupport_connext_cpp.dir/rosidl_typesupport_connext_cpp/tutorial_interfaces/srv/dds_connext/AddThreeInts_Plugin.cxx.o[0m
[2.234s] [ 56%] [32mBuilding CXX object CMakeFiles/tutorial_interfaces__rosidl_typesupport_connext_cpp.dir/rosidl_typesupport_connext_cpp/tutorial_interfaces/srv/dds_connext/AddThreeInts_.cxx.o[0m
[2.235s] [ 58%] [32mBuilding CXX object CMakeFiles/tutorial_interfaces__rosidl_typesupport_connext_cpp.dir/rosidl_typesupport_connext_cpp/tutorial_interfaces/srv/dds_connext/AddThreeInts_Support.cxx.o[0m
[2.386s] [ 60%] [32m[1mLinking CXX shared library libtutorial_interfaces__rosidl_typesupport_fastrtps_c.so[0m
[2.476s] [ 60%] Built target tutorial_interfaces__rosidl_typesupport_fastrtps_c
[2.816s] [ 61%] [32m[1mLinking CXX shared library libtutorial_interfaces__rosidl_typesupport_connext_cpp.so[0m
[2.895s] [ 63%] Built target tutorial_interfaces__rosidl_typesupport_connext_cpp
[2.898s] [ 64%] [34m[1mGenerating C type support for RTI Connext[0m
[3.082s] [ 66%] [32mBuilding CXX object CMakeFiles/tutorial_interfaces__rosidl_typesupport_connext_c.dir/rosidl_typesupport_connext_c/tutorial_interfaces/msg/dds_connext/num__type_support_c.cpp.o[0m
[3.082s] [ 67%] [32mBuilding CXX object CMakeFiles/tutorial_interfaces__rosidl_typesupport_connext_c.dir/rosidl_typesupport_connext_cpp/tutorial_interfaces/msg/dds_connext/Num_.cxx.o[0m
[3.082s] [ 69%] [32mBuilding CXX object CMakeFiles/tutorial_interfaces__rosidl_typesupport_connext_c.dir/rosidl_typesupport_connext_c/tutorial_interfaces/srv/dds_connext/add_three_ints__type_support_c.cpp.o[0m
[3.083s] [ 70%] [32mBuilding CXX object CMakeFiles/tutorial_interfaces__rosidl_typesupport_connext_c.dir/rosidl_typesupport_connext_cpp/tutorial_interfaces/msg/dds_connext/Num_Support.cxx.o[0m
[3.083s] [ 73%] [32mBuilding CXX object CMakeFiles/tutorial_interfaces__rosidl_typesupport_connext_c.dir/rosidl_typesupport_connext_cpp/tutorial_interfaces/srv/dds_connext/AddThreeInts_Plugin.cxx.o[0m
[3.083s] [ 73%] [32mBuilding CXX object CMakeFiles/tutorial_interfaces__rosidl_typesupport_connext_c.dir/rosidl_typesupport_connext_cpp/tutorial_interfaces/msg/dds_connext/Num_Plugin.cxx.o[0m
[3.083s] [ 75%] [32mBuilding CXX object CMakeFiles/tutorial_interfaces__rosidl_typesupport_connext_c.dir/rosidl_typesupport_connext_cpp/tutorial_interfaces/srv/dds_connext/AddThreeInts_Support.cxx.o[0m
[3.084s] [ 76%] [32mBuilding CXX object CMakeFiles/tutorial_interfaces__rosidl_typesupport_connext_c.dir/rosidl_typesupport_connext_cpp/tutorial_interfaces/srv/dds_connext/AddThreeInts_.cxx.o[0m
[3.621s] [ 78%] [32m[1mLinking CXX shared library libtutorial_interfaces__rosidl_typesupport_connext_c.so[0m
[3.733s] [ 81%] Built target tutorial_interfaces__rosidl_typesupport_connext_c
[3.739s] [ 81%] Built target tutorial_interfaces
[3.745s] [ 83%] [34m[1mGenerating Python code for ROS interfaces[0m
[4.102s] [ 83%] Built target tutorial_interfaces__py
[4.108s] [ 86%] [32mBuilding C object CMakeFiles/tutorial_interfaces__python.dir/rosidl_generator_py/tutorial_interfaces/srv/_add_three_ints_s.c.o[0m
[4.108s] [ 86%] [32mBuilding C object CMakeFiles/tutorial_interfaces__python.dir/rosidl_generator_py/tutorial_interfaces/msg/_num_s.c.o[0m
[4.171s] [ 87%] [32m[1mLinking C shared library rosidl_generator_py/tutorial_interfaces/libtutorial_interfaces__python.so[0m
[4.187s] [ 87%] Built target tutorial_interfaces__python
[4.193s] [ 90%] [32mBuilding C object CMakeFiles/tutorial_interfaces__rosidl_typesupport_c__pyext.dir/rosidl_generator_py/tutorial_interfaces/_tutorial_interfaces_s.ep.rosidl_typesupport_c.c.o[0m
[4.193s] [ 90%] [32mBuilding C object CMakeFiles/tutorial_interfaces__rosidl_typesupport_fastrtps_c__pyext.dir/rosidl_generator_py/tutorial_interfaces/_tutorial_interfaces_s.ep.rosidl_typesupport_fastrtps_c.c.o[0m
[4.193s] [ 92%] [32mBuilding C object CMakeFiles/tutorial_interfaces__rosidl_typesupport_connext_c__pyext.dir/rosidl_generator_py/tutorial_interfaces/_tutorial_interfaces_s.ep.rosidl_typesupport_connext_c.c.o[0m
[4.194s] [ 93%] [32mBuilding C object CMakeFiles/tutorial_interfaces__rosidl_typesupport_introspection_c__pyext.dir/rosidl_generator_py/tutorial_interfaces/_tutorial_interfaces_s.ep.rosidl_typesupport_introspection_c.c.o[0m
[4.241s] [ 98%] [32m[1mLinking CXX shared library rosidl_generator_py/tutorial_interfaces/tutorial_interfaces_s__rosidl_typesupport_fastrtps_c.cpython-38-x86_64-linux-gnu.so[0m
[4.241s] [ 98%] [32m[1mLinking C shared library rosidl_generator_py/tutorial_interfaces/tutorial_interfaces_s__rosidl_typesupport_connext_c.cpython-38-x86_64-linux-gnu.so[0m
[4.241s] [ 98%] [32m[1mLinking C shared library rosidl_generator_py/tutorial_interfaces/tutorial_interfaces_s__rosidl_typesupport_introspection_c.cpython-38-x86_64-linux-gnu.so[0m
[4.241s] [100%] [32m[1mLinking C shared library rosidl_generator_py/tutorial_interfaces/tutorial_interfaces_s__rosidl_typesupport_c.cpython-38-x86_64-linux-gnu.so[0m
[4.254s] [100%] Built target tutorial_interfaces__rosidl_typesupport_c__pyext
[4.254s] [100%] Built target tutorial_interfaces__rosidl_typesupport_introspection_c__pyext
[4.272s] [100%] Built target tutorial_interfaces__rosidl_typesupport_fastrtps_c__pyext
[4.277s] [100%] Built target tutorial_interfaces__rosidl_typesupport_connext_c__pyext
[22.244s] Invoked command in '/home/doe/dev_ws/build/tutorial_interfaces' returned '0': CMAKE_PREFIX_PATH=/home/doe/dev_ws/install/py_srvcli:/opt/ros/foxy CONDA_PROMPT_MODIFIER=(base) /usr/bin/cmake --build /home/doe/dev_ws/build/tutorial_interfaces -- -j16 -l16
[22.486s] Invoking command in '/home/doe/dev_ws/build/tutorial_interfaces': CMAKE_PREFIX_PATH=/home/doe/dev_ws/install/py_srvcli:/opt/ros/foxy CONDA_PROMPT_MODIFIER=(base) /usr/bin/cmake --install /home/doe/dev_ws/build/tutorial_interfaces
[22.494s] -- Install configuration: ""
[22.494s] -- Installing: /home/doe/dev_ws/install/tutorial_interfaces/share/ament_index/resource_index/rosidl_interfaces/tutorial_interfaces
[22.495s] -- Installing: /home/doe/dev_ws/install/tutorial_interfaces/include/tutorial_interfaces
[22.495s] -- Installing: /home/doe/dev_ws/install/tutorial_interfaces/include/tutorial_interfaces/msg
[22.495s] -- Installing: /home/doe/dev_ws/install/tutorial_interfaces/include/tutorial_interfaces/msg/detail
[22.495s] -- Installing: /home/doe/dev_ws/install/tutorial_interfaces/include/tutorial_interfaces/msg/detail/num__functions.h
[22.496s] -- Installing: /home/doe/dev_ws/install/tutorial_interfaces/include/tutorial_interfaces/msg/detail/num__type_support.h
[22.496s] -- Installing: /home/doe/dev_ws/install/tutorial_interfaces/include/tutorial_interfaces/msg/detail/num__struct.h
[22.496s] -- Installing: /home/doe/dev_ws/install/tutorial_interfaces/include/tutorial_interfaces/msg/detail/num__functions.c
[22.496s] -- Installing: /home/doe/dev_ws/install/tutorial_interfaces/include/tutorial_interfaces/msg/num.h
[22.496s] -- Installing: /home/doe/dev_ws/install/tutorial_interfaces/include/tutorial_interfaces/msg/rosidl_generator_c__visibility_control.h
[22.496s] -- Installing: /home/doe/dev_ws/install/tutorial_interfaces/include/tutorial_interfaces/srv
[22.497s] -- Installing: /home/doe/dev_ws/install/tutorial_interfaces/include/tutorial_interfaces/srv/detail
[22.497s] -- Installing: /home/doe/dev_ws/install/tutorial_interfaces/include/tutorial_interfaces/srv/detail/add_three_ints__struct.h
[22.497s] -- Installing: /home/doe/dev_ws/install/tutorial_interfaces/include/tutorial_interfaces/srv/detail/add_three_ints__functions.h
[22.497s] -- Installing: /home/doe/dev_ws/install/tutorial_interfaces/include/tutorial_interfaces/srv/detail/add_three_ints__functions.c
[22.497s] -- Installing: /home/doe/dev_ws/install/tutorial_interfaces/include/tutorial_interfaces/srv/detail/add_three_ints__type_support.h
[22.497s] -- Installing: /home/doe/dev_ws/install/tutorial_interfaces/include/tutorial_interfaces/srv/add_three_ints.h
[22.497s] -- Installing: /home/doe/dev_ws/install/tutorial_interfaces/share/tutorial_interfaces/environment/library_path.sh
[22.497s] -- Installing: /home/doe/dev_ws/install/tutorial_interfaces/share/tutorial_interfaces/environment/library_path.dsv
[22.497s] -- Installing: /home/doe/dev_ws/install/tutorial_interfaces/lib/libtutorial_interfaces__rosidl_generator_c.so
[22.497s] -- Set runtime path of "/home/doe/dev_ws/install/tutorial_interfaces/lib/libtutorial_interfaces__rosidl_generator_c.so" to ""
[22.497s] -- Up-to-date: /home/doe/dev_ws/install/tutorial_interfaces/include/tutorial_interfaces
[22.497s] -- Up-to-date: /home/doe/dev_ws/install/tutorial_interfaces/include/tutorial_interfaces/msg
[22.497s] -- Installing: /home/doe/dev_ws/install/tutorial_interfaces/include/tutorial_interfaces/msg/num__rosidl_typesupport_connext_c.h
[22.497s] -- Installing: /home/doe/dev_ws/install/tutorial_interfaces/include/tutorial_interfaces/msg/rosidl_typesupport_connext_c__visibility_control.h
[22.497s] -- Installing: /home/doe/dev_ws/install/tutorial_interfaces/include/tutorial_interfaces/msg/dds_connext
[22.497s] -- Up-to-date: /home/doe/dev_ws/install/tutorial_interfaces/include/tutorial_interfaces/srv
[22.497s] -- Installing: /home/doe/dev_ws/install/tutorial_interfaces/include/tutorial_interfaces/srv/add_three_ints__rosidl_typesupport_connext_c.h
[22.497s] -- Installing: /home/doe/dev_ws/install/tutorial_interfaces/include/tutorial_interfaces/srv/dds_connext
[22.497s] -- Installing: /home/doe/dev_ws/install/tutorial_interfaces/lib/libtutorial_interfaces__rosidl_typesupport_connext_c.so
[22.498s] -- Set runtime path of "/home/doe/dev_ws/install/tutorial_interfaces/lib/libtutorial_interfaces__rosidl_typesupport_connext_c.so" to ""
[22.498s] -- Installing: /home/doe/dev_ws/install/tutorial_interfaces/share/tutorial_interfaces/msg/dds_connext
[22.498s] -- Installing: /home/doe/dev_ws/install/tutorial_interfaces/share/tutorial_interfaces/msg/dds_connext/Num_.idl
[22.498s] -- Installing: /home/doe/dev_ws/install/tutorial_interfaces/share/tutorial_interfaces/srv/dds_connext
[22.498s] -- Installing: /home/doe/dev_ws/install/tutorial_interfaces/share/tutorial_interfaces/srv/dds_connext/AddThreeInts_.idl
[22.498s] -- Up-to-date: /home/doe/dev_ws/install/tutorial_interfaces/include/tutorial_interfaces
[22.498s] -- Up-to-date: /home/doe/dev_ws/install/tutorial_interfaces/include/tutorial_interfaces/msg
[22.498s] -- Installing: /home/doe/dev_ws/install/tutorial_interfaces/include/tutorial_interfaces/msg/rosidl_typesupport_connext_cpp__visibility_control.h
[22.498s] -- Installing: /home/doe/dev_ws/install/tutorial_interfaces/include/tutorial_interfaces/msg/num__rosidl_typesupport_connext_cpp.hpp
[22.498s] -- Up-to-date: /home/doe/dev_ws/install/tutorial_interfaces/include/tutorial_interfaces/msg/dds_connext
[22.498s] -- Installing: /home/doe/dev_ws/install/tutorial_interfaces/include/tutorial_interfaces/msg/dds_connext/Num_Plugin.cxx
[22.498s] -- Installing: /home/doe/dev_ws/install/tutorial_interfaces/include/tutorial_interfaces/msg/dds_connext/Num_.cxx
[22.498s] -- Installing: /home/doe/dev_ws/install/tutorial_interfaces/include/tutorial_interfaces/msg/dds_connext/Num_Support.h
[22.498s] -- Installing: /home/doe/dev_ws/install/tutorial_interfaces/include/tutorial_interfaces/msg/dds_connext/Num_.h
[22.498s] -- Installing: /home/doe/dev_ws/install/tutorial_interfaces/include/tutorial_interfaces/msg/dds_connext/Num_Support.cxx
[22.498s] -- Installing: /home/doe/dev_ws/install/tutorial_interfaces/include/tutorial_interfaces/msg/dds_connext/Num_Plugin.h
[22.498s] -- Up-to-date: /home/doe/dev_ws/install/tutorial_interfaces/include/tutorial_interfaces/srv
[22.498s] -- Installing: /home/doe/dev_ws/install/tutorial_interfaces/include/tutorial_interfaces/srv/add_three_ints__rosidl_typesupport_connext_cpp.hpp
[22.498s] -- Up-to-date: /home/doe/dev_ws/install/tutorial_interfaces/include/tutorial_interfaces/srv/dds_connext
[22.498s] -- Installing: /home/doe/dev_ws/install/tutorial_interfaces/include/tutorial_interfaces/srv/dds_connext/AddThreeInts_.h
[22.499s] -- Installing: /home/doe/dev_ws/install/tutorial_interfaces/include/tutorial_interfaces/srv/dds_connext/AddThreeInts_.cxx
[22.499s] -- Installing: /home/doe/dev_ws/install/tutorial_interfaces/include/tutorial_interfaces/srv/dds_connext/AddThreeInts_Support.h
[22.499s] -- Installing: /home/doe/dev_ws/install/tutorial_interfaces/include/tutorial_interfaces/srv/dds_connext/AddThreeInts_Support.cxx
[22.499s] -- Installing: /home/doe/dev_ws/install/tutorial_interfaces/include/tutorial_interfaces/srv/dds_connext/AddThreeInts_Plugin.h
[22.499s] -- Installing: /home/doe/dev_ws/install/tutorial_interfaces/include/tutorial_interfaces/srv/dds_connext/AddThreeInts_Plugin.cxx
[22.499s] -- Installing: /home/doe/dev_ws/install/tutorial_interfaces/lib/libtutorial_interfaces__rosidl_typesupport_connext_cpp.so
[22.499s] -- Set runtime path of "/home/doe/dev_ws/install/tutorial_interfaces/lib/libtutorial_interfaces__rosidl_typesupport_connext_cpp.so" to ""
[22.499s] -- Up-to-date: /home/doe/dev_ws/install/tutorial_interfaces/include/tutorial_interfaces
[22.499s] -- Up-to-date: /home/doe/dev_ws/install/tutorial_interfaces/include/tutorial_interfaces/msg
[22.499s] -- Up-to-date: /home/doe/dev_ws/install/tutorial_interfaces/include/tutorial_interfaces/msg/detail
[22.499s] -- Installing: /home/doe/dev_ws/install/tutorial_interfaces/include/tutorial_interfaces/msg/detail/num__rosidl_typesupport_fastrtps_c.h
[22.499s] -- Installing: /home/doe/dev_ws/install/tutorial_interfaces/include/tutorial_interfaces/msg/rosidl_typesupport_fastrtps_c__visibility_control.h
[22.499s] -- Up-to-date: /home/doe/dev_ws/install/tutorial_interfaces/include/tutorial_interfaces/srv
[22.499s] -- Up-to-date: /home/doe/dev_ws/install/tutorial_interfaces/include/tutorial_interfaces/srv/detail
[22.499s] -- Installing: /home/doe/dev_ws/install/tutorial_interfaces/include/tutorial_interfaces/srv/detail/add_three_ints__rosidl_typesupport_fastrtps_c.h
[22.499s] -- Installing: /home/doe/dev_ws/install/tutorial_interfaces/lib/libtutorial_interfaces__rosidl_typesupport_fastrtps_c.so
[22.499s] -- Set runtime path of "/home/doe/dev_ws/install/tutorial_interfaces/lib/libtutorial_interfaces__rosidl_typesupport_fastrtps_c.so" to ""
[22.500s] -- Up-to-date: /home/doe/dev_ws/install/tutorial_interfaces/include/tutorial_interfaces
[22.500s] -- Up-to-date: /home/doe/dev_ws/install/tutorial_interfaces/include/tutorial_interfaces/msg
[22.500s] -- Up-to-date: /home/doe/dev_ws/install/tutorial_interfaces/include/tutorial_interfaces/msg/detail
[22.500s] -- Installing: /home/doe/dev_ws/install/tutorial_interfaces/include/tutorial_interfaces/msg/detail/num__rosidl_typesupport_fastrtps_cpp.hpp
[22.500s] -- Installing: /home/doe/dev_ws/install/tutorial_interfaces/include/tutorial_interfaces/msg/detail/dds_fastrtps
[22.500s] -- Installing: /home/doe/dev_ws/install/tutorial_interfaces/include/tutorial_interfaces/msg/rosidl_typesupport_fastrtps_cpp__visibility_control.h
[22.500s] -- Up-to-date: /home/doe/dev_ws/install/tutorial_interfaces/include/tutorial_interfaces/srv
[22.500s] -- Up-to-date: /home/doe/dev_ws/install/tutorial_interfaces/include/tutorial_interfaces/srv/detail
[22.500s] -- Installing: /home/doe/dev_ws/install/tutorial_interfaces/include/tutorial_interfaces/srv/detail/add_three_ints__rosidl_typesupport_fastrtps_cpp.hpp
[22.500s] -- Installing: /home/doe/dev_ws/install/tutorial_interfaces/include/tutorial_interfaces/srv/detail/dds_fastrtps
[22.500s] -- Installing: /home/doe/dev_ws/install/tutorial_interfaces/lib/libtutorial_interfaces__rosidl_typesupport_fastrtps_cpp.so
[22.500s] -- Set runtime path of "/home/doe/dev_ws/install/tutorial_interfaces/lib/libtutorial_interfaces__rosidl_typesupport_fastrtps_cpp.so" to ""
[22.500s] -- Up-to-date: /home/doe/dev_ws/install/tutorial_interfaces/include/tutorial_interfaces
[22.500s] -- Up-to-date: /home/doe/dev_ws/install/tutorial_interfaces/include/tutorial_interfaces/msg
[22.500s] -- Up-to-date: /home/doe/dev_ws/install/tutorial_interfaces/include/tutorial_interfaces/msg/detail
[22.500s] -- Installing: /home/doe/dev_ws/install/tutorial_interfaces/include/tutorial_interfaces/msg/detail/num__type_support.c
[22.501s] -- Installing: /home/doe/dev_ws/install/tutorial_interfaces/include/tutorial_interfaces/msg/detail/num__rosidl_typesupport_introspection_c.h
[22.501s] -- Installing: /home/doe/dev_ws/install/tutorial_interfaces/include/tutorial_interfaces/msg/rosidl_typesupport_introspection_c__visibility_control.h
[22.501s] -- Up-to-date: /home/doe/dev_ws/install/tutorial_interfaces/include/tutorial_interfaces/srv
[22.501s] -- Up-to-date: /home/doe/dev_ws/install/tutorial_interfaces/include/tutorial_interfaces/srv/detail
[22.501s] -- Installing: /home/doe/dev_ws/install/tutorial_interfaces/include/tutorial_interfaces/srv/detail/add_three_ints__type_support.c
[22.501s] -- Installing: /home/doe/dev_ws/install/tutorial_interfaces/include/tutorial_interfaces/srv/detail/add_three_ints__rosidl_typesupport_introspection_c.h
[22.501s] -- Installing: /home/doe/dev_ws/install/tutorial_interfaces/lib/libtutorial_interfaces__rosidl_typesupport_introspection_c.so
[22.501s] -- Set runtime path of "/home/doe/dev_ws/install/tutorial_interfaces/lib/libtutorial_interfaces__rosidl_typesupport_introspection_c.so" to ""
[22.501s] -- Installing: /home/doe/dev_ws/install/tutorial_interfaces/lib/libtutorial_interfaces__rosidl_typesupport_c.so
[22.501s] -- Set runtime path of "/home/doe/dev_ws/install/tutorial_interfaces/lib/libtutorial_interfaces__rosidl_typesupport_c.so" to ""
[22.501s] -- Up-to-date: /home/doe/dev_ws/install/tutorial_interfaces/include/tutorial_interfaces
[22.501s] -- Up-to-date: /home/doe/dev_ws/install/tutorial_interfaces/include/tutorial_interfaces/msg
[22.501s] -- Up-to-date: /home/doe/dev_ws/install/tutorial_interfaces/include/tutorial_interfaces/msg/detail
[22.501s] -- Installing: /home/doe/dev_ws/install/tutorial_interfaces/include/tutorial_interfaces/msg/detail/num__builder.hpp
[22.501s] -- Installing: /home/doe/dev_ws/install/tutorial_interfaces/include/tutorial_interfaces/msg/detail/num__struct.hpp
[22.501s] -- Installing: /home/doe/dev_ws/install/tutorial_interfaces/include/tutorial_interfaces/msg/detail/num__traits.hpp
[22.501s] -- Installing: /home/doe/dev_ws/install/tutorial_interfaces/include/tutorial_interfaces/msg/num.hpp
[22.501s] -- Up-to-date: /home/doe/dev_ws/install/tutorial_interfaces/include/tutorial_interfaces/srv
[22.501s] -- Up-to-date: /home/doe/dev_ws/install/tutorial_interfaces/include/tutorial_interfaces/srv/detail
[22.501s] -- Installing: /home/doe/dev_ws/install/tutorial_interfaces/include/tutorial_interfaces/srv/detail/add_three_ints__builder.hpp
[22.501s] -- Installing: /home/doe/dev_ws/install/tutorial_interfaces/include/tutorial_interfaces/srv/detail/add_three_ints__struct.hpp
[22.502s] -- Installing: /home/doe/dev_ws/install/tutorial_interfaces/include/tutorial_interfaces/srv/detail/add_three_ints__traits.hpp
[22.502s] -- Installing: /home/doe/dev_ws/install/tutorial_interfaces/include/tutorial_interfaces/srv/add_three_ints.hpp
[22.502s] -- Up-to-date: /home/doe/dev_ws/install/tutorial_interfaces/include/tutorial_interfaces
[22.502s] -- Up-to-date: /home/doe/dev_ws/install/tutorial_interfaces/include/tutorial_interfaces/msg
[22.502s] -- Up-to-date: /home/doe/dev_ws/install/tutorial_interfaces/include/tutorial_interfaces/msg/detail
[22.502s] -- Installing: /home/doe/dev_ws/install/tutorial_interfaces/include/tutorial_interfaces/msg/detail/num__rosidl_typesupport_introspection_cpp.hpp
[22.502s] -- Installing: /home/doe/dev_ws/install/tutorial_interfaces/include/tutorial_interfaces/msg/detail/num__type_support.cpp
[22.502s] -- Up-to-date: /home/doe/dev_ws/install/tutorial_interfaces/include/tutorial_interfaces/srv
[22.502s] -- Up-to-date: /home/doe/dev_ws/install/tutorial_interfaces/include/tutorial_interfaces/srv/detail
[22.502s] -- Installing: /home/doe/dev_ws/install/tutorial_interfaces/include/tutorial_interfaces/srv/detail/add_three_ints__rosidl_typesupport_introspection_cpp.hpp
[22.502s] -- Installing: /home/doe/dev_ws/install/tutorial_interfaces/include/tutorial_interfaces/srv/detail/add_three_ints__type_support.cpp
[22.502s] -- Installing: /home/doe/dev_ws/install/tutorial_interfaces/lib/libtutorial_interfaces__rosidl_typesupport_introspection_cpp.so
[22.502s] -- Set runtime path of "/home/doe/dev_ws/install/tutorial_interfaces/lib/libtutorial_interfaces__rosidl_typesupport_introspection_cpp.so" to ""
[22.502s] -- Installing: /home/doe/dev_ws/install/tutorial_interfaces/lib/libtutorial_interfaces__rosidl_typesupport_cpp.so
[22.502s] -- Set runtime path of "/home/doe/dev_ws/install/tutorial_interfaces/lib/libtutorial_interfaces__rosidl_typesupport_cpp.so" to ""
[22.502s] -- Installing: /home/doe/dev_ws/install/tutorial_interfaces/share/tutorial_interfaces/environment/pythonpath.sh
[22.502s] -- Installing: /home/doe/dev_ws/install/tutorial_interfaces/share/tutorial_interfaces/environment/pythonpath.dsv
[22.502s] -- Installing: /home/doe/dev_ws/install/tutorial_interfaces/lib/python3.8/site-packages/tutorial_interfaces/__init__.py
[22.531s] Compiling '/home/doe/dev_ws/install/tutorial_interfaces/lib/python3.8/site-packages/tutorial_interfaces/__init__.py'...
[22.533s] -- Installing: /home/doe/dev_ws/install/tutorial_interfaces/lib/python3.8/site-packages/tutorial_interfaces/msg
[22.533s] -- Installing: /home/doe/dev_ws/install/tutorial_interfaces/lib/python3.8/site-packages/tutorial_interfaces/msg/_num_s.c
[22.533s] -- Installing: /home/doe/dev_ws/install/tutorial_interfaces/lib/python3.8/site-packages/tutorial_interfaces/msg/_num.py
[22.533s] -- Installing: /home/doe/dev_ws/install/tutorial_interfaces/lib/python3.8/site-packages/tutorial_interfaces/msg/__init__.py
[22.533s] -- Installing: /home/doe/dev_ws/install/tutorial_interfaces/lib/python3.8/site-packages/tutorial_interfaces/srv
[22.534s] -- Installing: /home/doe/dev_ws/install/tutorial_interfaces/lib/python3.8/site-packages/tutorial_interfaces/srv/__init__.py
[22.534s] -- Installing: /home/doe/dev_ws/install/tutorial_interfaces/lib/python3.8/site-packages/tutorial_interfaces/srv/_add_three_ints.py
[22.534s] -- Installing: /home/doe/dev_ws/install/tutorial_interfaces/lib/python3.8/site-packages/tutorial_interfaces/srv/_add_three_ints_s.c
[22.534s] -- Installing: /home/doe/dev_ws/install/tutorial_interfaces/lib/python3.8/site-packages/tutorial_interfaces/tutorial_interfaces_s__rosidl_typesupport_connext_c.cpython-38-x86_64-linux-gnu.so
[22.534s] -- Set runtime path of "/home/doe/dev_ws/install/tutorial_interfaces/lib/python3.8/site-packages/tutorial_interfaces/tutorial_interfaces_s__rosidl_typesupport_connext_c.cpython-38-x86_64-linux-gnu.so" to ""
[22.534s] -- Installing: /home/doe/dev_ws/install/tutorial_interfaces/lib/python3.8/site-packages/tutorial_interfaces/tutorial_interfaces_s__rosidl_typesupport_fastrtps_c.cpython-38-x86_64-linux-gnu.so
[22.534s] -- Set runtime path of "/home/doe/dev_ws/install/tutorial_interfaces/lib/python3.8/site-packages/tutorial_interfaces/tutorial_interfaces_s__rosidl_typesupport_fastrtps_c.cpython-38-x86_64-linux-gnu.so" to ""
[22.534s] -- Installing: /home/doe/dev_ws/install/tutorial_interfaces/lib/python3.8/site-packages/tutorial_interfaces/tutorial_interfaces_s__rosidl_typesupport_introspection_c.cpython-38-x86_64-linux-gnu.so
[22.534s] -- Set runtime path of "/home/doe/dev_ws/install/tutorial_interfaces/lib/python3.8/site-packages/tutorial_interfaces/tutorial_interfaces_s__rosidl_typesupport_introspection_c.cpython-38-x86_64-linux-gnu.so" to ""
[22.534s] -- Installing: /home/doe/dev_ws/install/tutorial_interfaces/lib/python3.8/site-packages/tutorial_interfaces/tutorial_interfaces_s__rosidl_typesupport_c.cpython-38-x86_64-linux-gnu.so
[22.534s] -- Set runtime path of "/home/doe/dev_ws/install/tutorial_interfaces/lib/python3.8/site-packages/tutorial_interfaces/tutorial_interfaces_s__rosidl_typesupport_c.cpython-38-x86_64-linux-gnu.so" to ""
[22.534s] -- Installing: /home/doe/dev_ws/install/tutorial_interfaces/lib/libtutorial_interfaces__python.so
[22.534s] -- Set runtime path of "/home/doe/dev_ws/install/tutorial_interfaces/lib/libtutorial_interfaces__python.so" to ""
[22.534s] -- Installing: /home/doe/dev_ws/install/tutorial_interfaces/share/tutorial_interfaces/msg/Num.idl
[22.534s] -- Installing: /home/doe/dev_ws/install/tutorial_interfaces/share/tutorial_interfaces/srv/AddThreeInts.idl
[22.534s] -- Installing: /home/doe/dev_ws/install/tutorial_interfaces/share/tutorial_interfaces/msg/Num.msg
[22.535s] -- Installing: /home/doe/dev_ws/install/tutorial_interfaces/share/tutorial_interfaces/srv/AddThreeInts.srv
[22.535s] -- Installing: /home/doe/dev_ws/install/tutorial_interfaces/share/tutorial_interfaces/srv/AddThreeInts_Request.msg
[22.535s] -- Installing: /home/doe/dev_ws/install/tutorial_interfaces/share/tutorial_interfaces/srv/AddThreeInts_Response.msg
[22.535s] -- Installing: /home/doe/dev_ws/install/tutorial_interfaces/share/ament_index/resource_index/package_run_dependencies/tutorial_interfaces
[22.535s] -- Installing: /home/doe/dev_ws/install/tutorial_interfaces/share/ament_index/resource_index/parent_prefix_path/tutorial_interfaces
[22.535s] -- Installing: /home/doe/dev_ws/install/tutorial_interfaces/share/tutorial_interfaces/environment/ament_prefix_path.sh
[22.535s] -- Installing: /home/doe/dev_ws/install/tutorial_interfaces/share/tutorial_interfaces/environment/ament_prefix_path.dsv
[22.535s] -- Installing: /home/doe/dev_ws/install/tutorial_interfaces/share/tutorial_interfaces/environment/path.sh
[22.535s] -- Installing: /home/doe/dev_ws/install/tutorial_interfaces/share/tutorial_interfaces/environment/path.dsv
[22.535s] -- Installing: /home/doe/dev_ws/install/tutorial_interfaces/share/tutorial_interfaces/local_setup.bash
[22.535s] -- Installing: /home/doe/dev_ws/install/tutorial_interfaces/share/tutorial_interfaces/local_setup.sh
[22.535s] -- Installing: /home/doe/dev_ws/install/tutorial_interfaces/share/tutorial_interfaces/local_setup.zsh
[22.535s] -- Installing: /home/doe/dev_ws/install/tutorial_interfaces/share/tutorial_interfaces/local_setup.dsv
[22.535s] -- Installing: /home/doe/dev_ws/install/tutorial_interfaces/share/tutorial_interfaces/package.dsv
[22.535s] -- Installing: /home/doe/dev_ws/install/tutorial_interfaces/share/ament_index/resource_index/packages/tutorial_interfaces
[22.535s] -- Installing: /home/doe/dev_ws/install/tutorial_interfaces/share/tutorial_interfaces/cmake/tutorial_interfaces__rosidl_generator_cExport.cmake
[22.535s] -- Installing: /home/doe/dev_ws/install/tutorial_interfaces/share/tutorial_interfaces/cmake/tutorial_interfaces__rosidl_generator_cExport-noconfig.cmake
[22.536s] -- Installing: /home/doe/dev_ws/install/tutorial_interfaces/share/tutorial_interfaces/cmake/tutorial_interfaces__rosidl_typesupport_introspection_cExport.cmake
[22.536s] -- Installing: /home/doe/dev_ws/install/tutorial_interfaces/share/tutorial_interfaces/cmake/tutorial_interfaces__rosidl_typesupport_introspection_cExport-noconfig.cmake
[22.536s] -- Installing: /home/doe/dev_ws/install/tutorial_interfaces/share/tutorial_interfaces/cmake/tutorial_interfaces__rosidl_typesupport_cExport.cmake
[22.536s] -- Installing: /home/doe/dev_ws/install/tutorial_interfaces/share/tutorial_interfaces/cmake/tutorial_interfaces__rosidl_typesupport_cExport-noconfig.cmake
[22.536s] -- Installing: /home/doe/dev_ws/install/tutorial_interfaces/share/tutorial_interfaces/cmake/tutorial_interfaces__rosidl_generator_cppExport.cmake
[22.536s] -- Installing: /home/doe/dev_ws/install/tutorial_interfaces/share/tutorial_interfaces/cmake/tutorial_interfaces__rosidl_typesupport_introspection_cppExport.cmake
[22.536s] -- Installing: /home/doe/dev_ws/install/tutorial_interfaces/share/tutorial_interfaces/cmake/tutorial_interfaces__rosidl_typesupport_introspection_cppExport-noconfig.cmake
[22.536s] -- Installing: /home/doe/dev_ws/install/tutorial_interfaces/share/tutorial_interfaces/cmake/tutorial_interfaces__rosidl_typesupport_cppExport.cmake
[22.536s] -- Installing: /home/doe/dev_ws/install/tutorial_interfaces/share/tutorial_interfaces/cmake/tutorial_interfaces__rosidl_typesupport_cppExport-noconfig.cmake
[22.536s] -- Installing: /home/doe/dev_ws/install/tutorial_interfaces/share/tutorial_interfaces/cmake/rosidl_cmake-extras.cmake
[22.536s] -- Installing: /home/doe/dev_ws/install/tutorial_interfaces/share/tutorial_interfaces/cmake/ament_cmake_export_dependencies-extras.cmake
[22.536s] -- Installing: /home/doe/dev_ws/install/tutorial_interfaces/share/tutorial_interfaces/cmake/ament_cmake_export_libraries-extras.cmake
[22.536s] -- Installing: /home/doe/dev_ws/install/tutorial_interfaces/share/tutorial_interfaces/cmake/ament_cmake_export_targets-extras.cmake
[22.537s] -- Installing: /home/doe/dev_ws/install/tutorial_interfaces/share/tutorial_interfaces/cmake/ament_cmake_export_include_directories-extras.cmake
[22.537s] -- Installing: /home/doe/dev_ws/install/tutorial_interfaces/share/tutorial_interfaces/cmake/rosidl_cmake_export_typesupport_libraries-extras.cmake
[22.537s] -- Installing: /home/doe/dev_ws/install/tutorial_interfaces/share/tutorial_interfaces/cmake/rosidl_cmake_export_typesupport_targets-extras.cmake
[22.537s] -- Installing: /home/doe/dev_ws/install/tutorial_interfaces/share/tutorial_interfaces/cmake/tutorial_interfacesConfig.cmake
[22.537s] -- Installing: /home/doe/dev_ws/install/tutorial_interfaces/share/tutorial_interfaces/cmake/tutorial_interfacesConfig-version.cmake
[22.537s] -- Installing: /home/doe/dev_ws/install/tutorial_interfaces/share/tutorial_interfaces/package.xml
[22.538s] Invoked command in '/home/doe/dev_ws/build/tutorial_interfaces' returned '0': CMAKE_PREFIX_PATH=/home/doe/dev_ws/install/py_srvcli:/opt/ros/foxy CONDA_PROMPT_MODIFIER=(base) /usr/bin/cmake --install /home/doe/dev_ws/build/tutorial_interfaces
