[1.072s] Invoking command in '/home/doe/dev_ws/src/py_srvcli': CONDA_PROMPT_MODIFIER=(base) PYTHONPATH=/home/doe/dev_ws/install/py_srvcli/lib/python3.8/site-packages:${PYTHONPATH} /home/doe/anaconda3/bin/python setup.py egg_info --egg-base ../../build/py_srvcli build --build-base /home/doe/dev_ws/build/py_srvcli/build install --prefix /home/doe/dev_ws/install/py_srvcli --record /home/doe/dev_ws/build/py_srvcli/install.log --single-version-externally-managed
[1.261s] /home/doe/anaconda3/lib/python3.8/site-packages/setuptools/dist.py:738: UserWarning: Usage of dash-separated 'script-dir' will not be supported in future versions. Please use the underscore name 'script_dir' instead
[1.261s]   warnings.warn(
[1.261s] /home/doe/anaconda3/lib/python3.8/site-packages/setuptools/dist.py:738: UserWarning: Usage of dash-separated 'install-scripts' will not be supported in future versions. Please use the underscore name 'install_scripts' instead
[1.261s]   warnings.warn(
[1.499s] running egg_info
[1.528s] writing ../../build/py_srvcli/py_srvcli.egg-info/PKG-INFO
[1.543s] writing dependency_links to ../../build/py_srvcli/py_srvcli.egg-info/dependency_links.txt
[1.592s] writing entry points to ../../build/py_srvcli/py_srvcli.egg-info/entry_points.txt
[1.624s] writing requirements to ../../build/py_srvcli/py_srvcli.egg-info/requires.txt
[1.640s] writing top-level names to ../../build/py_srvcli/py_srvcli.egg-info/top_level.txt
[1.681s] reading manifest file '../../build/py_srvcli/py_srvcli.egg-info/SOURCES.txt'
[1.681s] writing manifest file '../../build/py_srvcli/py_srvcli.egg-info/SOURCES.txt'
[1.681s] running build
[1.681s] running build_py
[1.681s] running install
[1.681s] /home/doe/anaconda3/lib/python3.8/site-packages/setuptools/command/install.py:34: SetuptoolsDeprecationWarning: setup.py install is deprecated. Use build and pip and other standards-based tools.
[1.681s]   warnings.warn(
[1.685s] running install_lib
[1.714s] running install_data
[1.726s] running install_egg_info
[1.760s] removing '/home/doe/dev_ws/install/py_srvcli/lib/python3.8/site-packages/py_srvcli-0.0.0-py3.8.egg-info' (and everything under it)
[1.760s] Copying ../../build/py_srvcli/py_srvcli.egg-info to /home/doe/dev_ws/install/py_srvcli/lib/python3.8/site-packages/py_srvcli-0.0.0-py3.8.egg-info
[1.761s] running install_scripts
[1.837s] Installing service script to /home/doe/dev_ws/install/py_srvcli/lib/py_srvcli
[1.838s] writing list of installed files to '/home/doe/dev_ws/build/py_srvcli/install.log'
[1.861s] Invoked command in '/home/doe/dev_ws/src/py_srvcli' returned '0': CONDA_PROMPT_MODIFIER=(base) PYTHONPATH=/home/doe/dev_ws/install/py_srvcli/lib/python3.8/site-packages:${PYTHONPATH} /home/doe/anaconda3/bin/python setup.py egg_info --egg-base ../../build/py_srvcli build --build-base /home/doe/dev_ws/build/py_srvcli/build install --prefix /home/doe/dev_ws/install/py_srvcli --record /home/doe/dev_ws/build/py_srvcli/install.log --single-version-externally-managed
