[1.149s] Invoking command in '/home/doe/dev_ws/src/py_pubsub': CONDA_PROMPT_MODIFIER=(base) PYTHONPATH=/home/doe/dev_ws/install/py_pubsub/lib/python3.8/site-packages:${PYTHONPATH} /home/doe/anaconda3/bin/python setup.py egg_info --egg-base ../../build/py_pubsub build --build-base /home/doe/dev_ws/build/py_pubsub/build install --prefix /home/doe/dev_ws/install/py_pubsub --record /home/doe/dev_ws/build/py_pubsub/install.log --single-version-externally-managed
[1.345s] /home/doe/anaconda3/lib/python3.8/site-packages/setuptools/dist.py:738: UserWarning: Usage of dash-separated 'script-dir' will not be supported in future versions. Please use the underscore name 'script_dir' instead
[1.345s]   warnings.warn(
[1.345s] /home/doe/anaconda3/lib/python3.8/site-packages/setuptools/dist.py:738: UserWarning: Usage of dash-separated 'install-scripts' will not be supported in future versions. Please use the underscore name 'install_scripts' instead
[1.345s]   warnings.warn(
[1.584s] running egg_info
[1.613s] writing ../../build/py_pubsub/py_pubsub.egg-info/PKG-INFO
[1.628s] writing dependency_links to ../../build/py_pubsub/py_pubsub.egg-info/dependency_links.txt
[1.676s] writing entry points to ../../build/py_pubsub/py_pubsub.egg-info/entry_points.txt
[1.707s] writing requirements to ../../build/py_pubsub/py_pubsub.egg-info/requires.txt
[1.722s] writing top-level names to ../../build/py_pubsub/py_pubsub.egg-info/top_level.txt
[1.762s] reading manifest file '../../build/py_pubsub/py_pubsub.egg-info/SOURCES.txt'
[1.762s] writing manifest file '../../build/py_pubsub/py_pubsub.egg-info/SOURCES.txt'
[1.762s] running build
[1.762s] running build_py
[1.762s] copying py_pubsub/vehicle_selection.py -> /home/doe/dev_ws/build/py_pubsub/build/lib/py_pubsub
[1.762s] running install
[1.763s] /home/doe/anaconda3/lib/python3.8/site-packages/setuptools/command/install.py:34: SetuptoolsDeprecationWarning: setup.py install is deprecated. Use build and pip and other standards-based tools.
[1.763s]   warnings.warn(
[1.766s] running install_lib
[1.793s] copying /home/doe/dev_ws/build/py_pubsub/build/lib/py_pubsub/vehicle_selection.py -> /home/doe/dev_ws/install/py_pubsub/lib/python3.8/site-packages/py_pubsub
[1.793s] byte-compiling /home/doe/dev_ws/install/py_pubsub/lib/python3.8/site-packages/py_pubsub/vehicle_selection.py to vehicle_selection.cpython-38.pyc
[1.794s] Sorry: IndentationError: expected an indented block (vehicle_selection.py, line 22)
[1.794s] running install_data
[1.805s] running install_egg_info
[1.835s] removing '/home/doe/dev_ws/install/py_pubsub/lib/python3.8/site-packages/py_pubsub-0.0.0-py3.8.egg-info' (and everything under it)
[1.835s] Copying ../../build/py_pubsub/py_pubsub.egg-info to /home/doe/dev_ws/install/py_pubsub/lib/python3.8/site-packages/py_pubsub-0.0.0-py3.8.egg-info
[1.835s] running install_scripts
[1.919s] Installing listener script to /home/doe/dev_ws/install/py_pubsub/lib/py_pubsub
[1.919s] Installing talker script to /home/doe/dev_ws/install/py_pubsub/lib/py_pubsub
[1.919s] writing list of installed files to '/home/doe/dev_ws/build/py_pubsub/install.log'
[1.954s] Invoked command in '/home/doe/dev_ws/src/py_pubsub' returned '0': CONDA_PROMPT_MODIFIER=(base) PYTHONPATH=/home/doe/dev_ws/install/py_pubsub/lib/python3.8/site-packages:${PYTHONPATH} /home/doe/anaconda3/bin/python setup.py egg_info --egg-base ../../build/py_pubsub build --build-base /home/doe/dev_ws/build/py_pubsub/build install --prefix /home/doe/dev_ws/install/py_pubsub --record /home/doe/dev_ws/build/py_pubsub/install.log --single-version-externally-managed
