[1.210s] Invoking command in '/home/doe/dev_ws/src/py_srvcli': CONDA_PROMPT_MODIFIER=(base) PYTHONPATH=/home/doe/dev_ws/install/py_srvcli/lib/python3.8/site-packages:${PYTHONPATH} /home/doe/anaconda3/bin/python setup.py egg_info --egg-base ../../build/py_srvcli build --build-base /home/doe/dev_ws/build/py_srvcli/build install --prefix /home/doe/dev_ws/install/py_srvcli --record /home/doe/dev_ws/build/py_srvcli/install.log --single-version-externally-managed
[1.398s] /home/doe/anaconda3/lib/python3.8/site-packages/setuptools/dist.py:738: UserWarning: Usage of dash-separated 'script-dir' will not be supported in future versions. Please use the underscore name 'script_dir' instead
[1.398s]   warnings.warn(
[1.398s] /home/doe/anaconda3/lib/python3.8/site-packages/setuptools/dist.py:738: UserWarning: Usage of dash-separated 'install-scripts' will not be supported in future versions. Please use the underscore name 'install_scripts' instead
[1.398s]   warnings.warn(
[1.633s] running egg_info
[1.633s] creating ../../build/py_srvcli/py_srvcli.egg-info
[1.664s] writing ../../build/py_srvcli/py_srvcli.egg-info/PKG-INFO
[1.679s] writing dependency_links to ../../build/py_srvcli/py_srvcli.egg-info/dependency_links.txt
[1.726s] writing entry points to ../../build/py_srvcli/py_srvcli.egg-info/entry_points.txt
[1.757s] writing requirements to ../../build/py_srvcli/py_srvcli.egg-info/requires.txt
[1.773s] writing top-level names to ../../build/py_srvcli/py_srvcli.egg-info/top_level.txt
[1.773s] writing manifest file '../../build/py_srvcli/py_srvcli.egg-info/SOURCES.txt'
[1.812s] reading manifest file '../../build/py_srvcli/py_srvcli.egg-info/SOURCES.txt'
[1.813s] writing manifest file '../../build/py_srvcli/py_srvcli.egg-info/SOURCES.txt'
[1.813s] running build
[1.813s] running build_py
[1.813s] creating /home/doe/dev_ws/build/py_srvcli/build
[1.813s] creating /home/doe/dev_ws/build/py_srvcli/build/lib
[1.813s] creating /home/doe/dev_ws/build/py_srvcli/build/lib/py_srvcli
[1.813s] copying py_srvcli/__init__.py -> /home/doe/dev_ws/build/py_srvcli/build/lib/py_srvcli
[1.813s] copying py_srvcli/client_member_function.py -> /home/doe/dev_ws/build/py_srvcli/build/lib/py_srvcli
[1.813s] copying py_srvcli/server_member_function.py -> /home/doe/dev_ws/build/py_srvcli/build/lib/py_srvcli
[1.813s] running install
[1.814s] /home/doe/anaconda3/lib/python3.8/site-packages/setuptools/command/install.py:34: SetuptoolsDeprecationWarning: setup.py install is deprecated. Use build and pip and other standards-based tools.
[1.814s]   warnings.warn(
[1.817s] running install_lib
[1.845s] creating /home/doe/dev_ws/install/py_srvcli/lib/python3.8/site-packages/py_srvcli
[1.845s] copying /home/doe/dev_ws/build/py_srvcli/build/lib/py_srvcli/__init__.py -> /home/doe/dev_ws/install/py_srvcli/lib/python3.8/site-packages/py_srvcli
[1.845s] copying /home/doe/dev_ws/build/py_srvcli/build/lib/py_srvcli/client_member_function.py -> /home/doe/dev_ws/install/py_srvcli/lib/python3.8/site-packages/py_srvcli
[1.845s] copying /home/doe/dev_ws/build/py_srvcli/build/lib/py_srvcli/server_member_function.py -> /home/doe/dev_ws/install/py_srvcli/lib/python3.8/site-packages/py_srvcli
[1.845s] byte-compiling /home/doe/dev_ws/install/py_srvcli/lib/python3.8/site-packages/py_srvcli/__init__.py to __init__.cpython-38.pyc
[1.845s] byte-compiling /home/doe/dev_ws/install/py_srvcli/lib/python3.8/site-packages/py_srvcli/client_member_function.py to client_member_function.cpython-38.pyc
[1.846s] byte-compiling /home/doe/dev_ws/install/py_srvcli/lib/python3.8/site-packages/py_srvcli/server_member_function.py to server_member_function.cpython-38.pyc
[1.846s] running install_data
[1.858s] creating /home/doe/dev_ws/install/py_srvcli/share/ament_index
[1.858s] creating /home/doe/dev_ws/install/py_srvcli/share/ament_index/resource_index
[1.858s] creating /home/doe/dev_ws/install/py_srvcli/share/ament_index/resource_index/packages
[1.858s] copying resource/py_srvcli -> /home/doe/dev_ws/install/py_srvcli/share/ament_index/resource_index/packages
[1.858s] copying package.xml -> /home/doe/dev_ws/install/py_srvcli/share/py_srvcli
[1.858s] running install_egg_info
[1.891s] Copying ../../build/py_srvcli/py_srvcli.egg-info to /home/doe/dev_ws/install/py_srvcli/lib/python3.8/site-packages/py_srvcli-0.0.0-py3.8.egg-info
[1.891s] running install_scripts
[1.965s] Installing service script to /home/doe/dev_ws/install/py_srvcli/lib/py_srvcli
[1.965s] writing list of installed files to '/home/doe/dev_ws/build/py_srvcli/install.log'
[1.984s] Invoked command in '/home/doe/dev_ws/src/py_srvcli' returned '0': CONDA_PROMPT_MODIFIER=(base) PYTHONPATH=/home/doe/dev_ws/install/py_srvcli/lib/python3.8/site-packages:${PYTHONPATH} /home/doe/anaconda3/bin/python setup.py egg_info --egg-base ../../build/py_srvcli build --build-base /home/doe/dev_ws/build/py_srvcli/build install --prefix /home/doe/dev_ws/install/py_srvcli --record /home/doe/dev_ws/build/py_srvcli/install.log --single-version-externally-managed
