/home/doe/anaconda3/lib/python3.8/site-packages/setuptools/dist.py:738: UserWarning: Usage of dash-separated 'script-dir' will not be supported in future versions. Please use the underscore name 'script_dir' instead
  warnings.warn(
/home/doe/anaconda3/lib/python3.8/site-packages/setuptools/dist.py:738: UserWarning: Usage of dash-separated 'install-scripts' will not be supported in future versions. Please use the underscore name 'install_scripts' instead
  warnings.warn(
running egg_info
writing ../../build/py_srvcli/py_srvcli.egg-info/PKG-INFO
writing dependency_links to ../../build/py_srvcli/py_srvcli.egg-info/dependency_links.txt
writing entry points to ../../build/py_srvcli/py_srvcli.egg-info/entry_points.txt
writing requirements to ../../build/py_srvcli/py_srvcli.egg-info/requires.txt
writing top-level names to ../../build/py_srvcli/py_srvcli.egg-info/top_level.txt
reading manifest file '../../build/py_srvcli/py_srvcli.egg-info/SOURCES.txt'
writing manifest file '../../build/py_srvcli/py_srvcli.egg-info/SOURCES.txt'
running build
running build_py
copying py_srvcli/service_member_function.py -> /home/doe/dev_ws/build/py_srvcli/build/lib/py_srvcli
running install
/home/doe/anaconda3/lib/python3.8/site-packages/setuptools/command/install.py:34: SetuptoolsDeprecationWarning: setup.py install is deprecated. Use build and pip and other standards-based tools.
  warnings.warn(
running install_lib
copying /home/doe/dev_ws/build/py_srvcli/build/lib/py_srvcli/service_member_function.py -> /home/doe/dev_ws/install/py_srvcli/lib/python3.8/site-packages/py_srvcli
byte-compiling /home/doe/dev_ws/install/py_srvcli/lib/python3.8/site-packages/py_srvcli/service_member_function.py to service_member_function.cpython-38.pyc
running install_data
running install_egg_info
removing '/home/doe/dev_ws/install/py_srvcli/lib/python3.8/site-packages/py_srvcli-0.0.0-py3.8.egg-info' (and everything under it)
Copying ../../build/py_srvcli/py_srvcli.egg-info to /home/doe/dev_ws/install/py_srvcli/lib/python3.8/site-packages/py_srvcli-0.0.0-py3.8.egg-info
running install_scripts
Installing service script to /home/doe/dev_ws/install/py_srvcli/lib/py_srvcli
writing list of installed files to '/home/doe/dev_ws/build/py_srvcli/install.log'
