[0.020s] Invoking command in '/home/doe/dev_ws/build/tutorial_interfaces': CMAKE_PREFIX_PATH=/home/doe/dev_ws/install/py_srvcli:/opt/ros/foxy CONDA_PROMPT_MODIFIER=(base) /usr/bin/cmake /home/doe/dev_ws/src/tutorial_interfaces -DCMAKE_INSTALL_PREFIX=/home/doe/dev_ws/install/tutorial_interfaces
[0.134s] -- The C compiler identification is GNU 9.4.0
[0.259s] -- The CXX compiler identification is GNU 9.4.0
[0.265s] -- Detecting C compiler ABI info
[0.302s] -- Detecting C compiler ABI info - done
[0.307s] -- Check for working C compiler: /usr/bin/cc - skipped
[0.307s] -- Detecting C compile features
[0.308s] -- Detecting C compile features - done
[0.310s] -- Detecting CXX compiler ABI info
[0.358s] -- Detecting CXX compiler ABI info - done
[0.362s] -- Check for working CXX compiler: /usr/bin/c++ - skipped
[0.363s] -- Detecting CXX compile features
[0.363s] -- Detecting CXX compile features - done
[0.365s] -- Found ament_cmake: 0.9.9 (/opt/ros/foxy/share/ament_cmake/cmake)
[0.385s] -- Found PythonInterp: /home/doe/anaconda3/bin/python3 (found suitable version "3.8.8", minimum required is "3") 
[0.385s] -- Using PYTHON_EXECUTABLE: /home/doe/anaconda3/bin/python3
[0.563s] -- Found ament_lint_auto: 0.9.6 (/opt/ros/foxy/share/ament_lint_auto/cmake)
[0.618s] -- Added test 'copyright' to check source files copyright and LICENSE
[0.620s] -- Added test 'lint_cmake' to check CMake code style
[0.621s] -- Added test 'xmllint' to check XML markup files
[0.622s] -- Found rosidl_default_generators: 1.0.1 (/opt/ros/foxy/share/rosidl_default_generators/cmake)
[0.624s] -- Using all available rosidl_typesupport_c: rosidl_typesupport_connext_c;rosidl_typesupport_fastrtps_c;rosidl_typesupport_introspection_c
[0.630s] -- Found rosidl_adapter: 1.2.1 (/opt/ros/foxy/share/rosidl_adapter/cmake)
[0.648s] -- Found RTI Connext: /opt/rti.com/rti_connext_dds-5.3.1
[0.650s] [33mCMake Warning (dev) at /opt/ros/foxy/share/connext_cmake_module/cmake/Modules/FindConnext.cmake:163 (list):
[0.650s]   Policy CMP0121 is not set: The list() command now validates parsing of
[0.650s]   index arguments.  Run "cmake --help-policy CMP0121" for policy details.
[0.650s]   Use the cmake_policy command to set the policy and suppress this warning.
[0.650s]   Invalid list index "libnddsc.so".
[0.650s] Call Stack (most recent call first):
[0.650s]   /opt/ros/foxy/share/connext_cmake_module/cmake/Modules/FindConnext.cmake:198 (_count_found_libraries)
[0.650s]   /opt/ros/foxy/share/rosidl_typesupport_connext_c/cmake/rosidl_typesupport_connext_c-extras.cmake:5 (find_package)
[0.650s]   /opt/ros/foxy/share/rosidl_typesupport_connext_c/cmake/rosidl_typesupport_connext_cConfig.cmake:41 (include)
[0.650s]   /opt/ros/foxy/share/rosidl_typesupport_c/cmake/rosidl_typesupport_c-extras.cmake:13 (find_package)
[0.650s]   /opt/ros/foxy/share/rosidl_typesupport_c/cmake/rosidl_typesupport_cConfig.cmake:41 (include)
[0.650s]   /opt/ros/foxy/share/rosidl_default_generators/cmake/rosidl_default_generators-extras.cmake:21 (find_package)
[0.650s]   /opt/ros/foxy/share/rosidl_default_generators/cmake/rosidl_default_generatorsConfig.cmake:41 (include)
[0.650s]   CMakeLists.txt:38 (find_package)
[0.650s] This warning is for project developers.  Use -Wno-dev to suppress it.
[0.650s] [0m
[0.650s] [33mCMake Warning (dev) at /opt/ros/foxy/share/connext_cmake_module/cmake/Modules/FindConnext.cmake:163 (list):
[0.651s]   Policy CMP0121 is not set: The list() command now validates parsing of
[0.651s]   index arguments.  Run "cmake --help-policy CMP0121" for policy details.
[0.651s]   Use the cmake_policy command to set the policy and suppress this warning.
[0.651s]   Invalid list index "libnddscore.so".
[0.651s] Call Stack (most recent call first):
[0.651s]   /opt/ros/foxy/share/connext_cmake_module/cmake/Modules/FindConnext.cmake:198 (_count_found_libraries)
[0.651s]   /opt/ros/foxy/share/rosidl_typesupport_connext_c/cmake/rosidl_typesupport_connext_c-extras.cmake:5 (find_package)
[0.651s]   /opt/ros/foxy/share/rosidl_typesupport_connext_c/cmake/rosidl_typesupport_connext_cConfig.cmake:41 (include)
[0.651s]   /opt/ros/foxy/share/rosidl_typesupport_c/cmake/rosidl_typesupport_c-extras.cmake:13 (find_package)
[0.651s]   /opt/ros/foxy/share/rosidl_typesupport_c/cmake/rosidl_typesupport_cConfig.cmake:41 (include)
[0.651s]   /opt/ros/foxy/share/rosidl_default_generators/cmake/rosidl_default_generators-extras.cmake:21 (find_package)
[0.651s]   /opt/ros/foxy/share/rosidl_default_generators/cmake/rosidl_default_generatorsConfig.cmake:41 (include)
[0.651s]   CMakeLists.txt:38 (find_package)
[0.651s] This warning is for project developers.  Use -Wno-dev to suppress it.
[0.651s] [0m
[0.651s] [33mCMake Warning (dev) at /opt/ros/foxy/share/connext_cmake_module/cmake/Modules/FindConnext.cmake:163 (list):
[0.651s]   Policy CMP0121 is not set: The list() command now validates parsing of
[0.651s]   index arguments.  Run "cmake --help-policy CMP0121" for policy details.
[0.651s]   Use the cmake_policy command to set the policy and suppress this warning.
[0.651s]   Invalid list index "libnddscpp.so".
[0.651s] Call Stack (most recent call first):
[0.651s]   /opt/ros/foxy/share/connext_cmake_module/cmake/Modules/FindConnext.cmake:198 (_count_found_libraries)
[0.652s]   /opt/ros/foxy/share/rosidl_typesupport_connext_c/cmake/rosidl_typesupport_connext_c-extras.cmake:5 (find_package)
[0.652s]   /opt/ros/foxy/share/rosidl_typesupport_connext_c/cmake/rosidl_typesupport_connext_cConfig.cmake:41 (include)
[0.652s]   /opt/ros/foxy/share/rosidl_typesupport_c/cmake/rosidl_typesupport_c-extras.cmake:13 (find_package)
[0.652s]   /opt/ros/foxy/share/rosidl_typesupport_c/cmake/rosidl_typesupport_cConfig.cmake:41 (include)
[0.652s]   /opt/ros/foxy/share/rosidl_default_generators/cmake/rosidl_default_generators-extras.cmake:21 (find_package)
[0.652s]   /opt/ros/foxy/share/rosidl_default_generators/cmake/rosidl_default_generatorsConfig.cmake:41 (include)
[0.652s]   CMakeLists.txt:38 (find_package)
[0.652s] This warning is for project developers.  Use -Wno-dev to suppress it.
[0.652s] [0m
[0.652s] [33mCMake Warning (dev) at /opt/ros/foxy/share/connext_cmake_module/cmake/Modules/FindConnext.cmake:163 (list):
[0.652s]   Policy CMP0121 is not set: The list() command now validates parsing of
[0.652s]   index arguments.  Run "cmake --help-policy CMP0121" for policy details.
[0.652s]   Use the cmake_policy command to set the policy and suppress this warning.
[0.652s]   Invalid list index "librticonnextmsgcpp.so".
[0.652s] Call Stack (most recent call first):
[0.652s]   /opt/ros/foxy/share/connext_cmake_module/cmake/Modules/FindConnext.cmake:198 (_count_found_libraries)
[0.652s]   /opt/ros/foxy/share/rosidl_typesupport_connext_c/cmake/rosidl_typesupport_connext_c-extras.cmake:5 (find_package)
[0.652s]   /opt/ros/foxy/share/rosidl_typesupport_connext_c/cmake/rosidl_typesupport_connext_cConfig.cmake:41 (include)
[0.652s]   /opt/ros/foxy/share/rosidl_typesupport_c/cmake/rosidl_typesupport_c-extras.cmake:13 (find_package)
[0.652s]   /opt/ros/foxy/share/rosidl_typesupport_c/cmake/rosidl_typesupport_cConfig.cmake:41 (include)
[0.652s]   /opt/ros/foxy/share/rosidl_default_generators/cmake/rosidl_default_generators-extras.cmake:21 (find_package)
[0.652s]   /opt/ros/foxy/share/rosidl_default_generators/cmake/rosidl_default_generatorsConfig.cmake:41 (include)
[0.652s]   CMakeLists.txt:38 (find_package)
[0.653s] This warning is for project developers.  Use -Wno-dev to suppress it.
[0.653s] [0m
[0.653s] [33mCMake Warning (dev) at /opt/ros/foxy/share/connext_cmake_module/cmake/Modules/FindConnext.cmake:163 (list):
[0.653s]   Policy CMP0121 is not set: The list() command now validates parsing of
[0.653s]   index arguments.  Run "cmake --help-policy CMP0121" for policy details.
[0.653s]   Use the cmake_policy command to set the policy and suppress this warning.
[0.653s]   Invalid list index "libnddscd.so".
[0.653s] Call Stack (most recent call first):
[0.653s]   /opt/ros/foxy/share/connext_cmake_module/cmake/Modules/FindConnext.cmake:199 (_count_found_libraries)
[0.653s]   /opt/ros/foxy/share/rosidl_typesupport_connext_c/cmake/rosidl_typesupport_connext_c-extras.cmake:5 (find_package)
[0.653s]   /opt/ros/foxy/share/rosidl_typesupport_connext_c/cmake/rosidl_typesupport_connext_cConfig.cmake:41 (include)
[0.653s]   /opt/ros/foxy/share/rosidl_typesupport_c/cmake/rosidl_typesupport_c-extras.cmake:13 (find_package)
[0.653s]   /opt/ros/foxy/share/rosidl_typesupport_c/cmake/rosidl_typesupport_cConfig.cmake:41 (include)
[0.653s]   /opt/ros/foxy/share/rosidl_default_generators/cmake/rosidl_default_generators-extras.cmake:21 (find_package)
[0.653s]   /opt/ros/foxy/share/rosidl_default_generators/cmake/rosidl_default_generatorsConfig.cmake:41 (include)
[0.653s]   CMakeLists.txt:38 (find_package)
[0.653s] This warning is for project developers.  Use -Wno-dev to suppress it.
[0.653s] [0m
[0.653s] [33mCMake Warning (dev) at /opt/ros/foxy/share/connext_cmake_module/cmake/Modules/FindConnext.cmake:163 (list):
[0.653s]   Policy CMP0121 is not set: The list() command now validates parsing of
[0.653s]   index arguments.  Run "cmake --help-policy CMP0121" for policy details.
[0.653s]   Use the cmake_policy command to set the policy and suppress this warning.
[0.653s]   Invalid list index "libnddscored.so".
[0.654s] Call Stack (most recent call first):
[0.654s]   /opt/ros/foxy/share/connext_cmake_module/cmake/Modules/FindConnext.cmake:199 (_count_found_libraries)
[0.654s]   /opt/ros/foxy/share/rosidl_typesupport_connext_c/cmake/rosidl_typesupport_connext_c-extras.cmake:5 (find_package)
[0.654s]   /opt/ros/foxy/share/rosidl_typesupport_connext_c/cmake/rosidl_typesupport_connext_cConfig.cmake:41 (include)
[0.654s]   /opt/ros/foxy/share/rosidl_typesupport_c/cmake/rosidl_typesupport_c-extras.cmake:13 (find_package)
[0.654s]   /opt/ros/foxy/share/rosidl_typesupport_c/cmake/rosidl_typesupport_cConfig.cmake:41 (include)
[0.654s]   /opt/ros/foxy/share/rosidl_default_generators/cmake/rosidl_default_generators-extras.cmake:21 (find_package)
[0.654s]   /opt/ros/foxy/share/rosidl_default_generators/cmake/rosidl_default_generatorsConfig.cmake:41 (include)
[0.654s]   CMakeLists.txt:38 (find_package)
[0.654s] This warning is for project developers.  Use -Wno-dev to suppress it.
[0.654s] [0m
[0.654s] [33mCMake Warning (dev) at /opt/ros/foxy/share/connext_cmake_module/cmake/Modules/FindConnext.cmake:163 (list):
[0.654s]   Policy CMP0121 is not set: The list() command now validates parsing of
[0.654s]   index arguments.  Run "cmake --help-policy CMP0121" for policy details.
[0.654s]   Use the cmake_policy command to set the policy and suppress this warning.
[0.654s]   Invalid list index "libnddscppd.so".
[0.654s] Call Stack (most recent call first):
[0.654s]   /opt/ros/foxy/share/connext_cmake_module/cmake/Modules/FindConnext.cmake:199 (_count_found_libraries)
[0.654s]   /opt/ros/foxy/share/rosidl_typesupport_connext_c/cmake/rosidl_typesupport_connext_c-extras.cmake:5 (find_package)
[0.654s]   /opt/ros/foxy/share/rosidl_typesupport_connext_c/cmake/rosidl_typesupport_connext_cConfig.cmake:41 (include)
[0.654s]   /opt/ros/foxy/share/rosidl_typesupport_c/cmake/rosidl_typesupport_c-extras.cmake:13 (find_package)
[0.654s]   /opt/ros/foxy/share/rosidl_typesupport_c/cmake/rosidl_typesupport_cConfig.cmake:41 (include)
[0.655s]   /opt/ros/foxy/share/rosidl_default_generators/cmake/rosidl_default_generators-extras.cmake:21 (find_package)
[0.655s]   /opt/ros/foxy/share/rosidl_default_generators/cmake/rosidl_default_generatorsConfig.cmake:41 (include)
[0.655s]   CMakeLists.txt:38 (find_package)
[0.655s] This warning is for project developers.  Use -Wno-dev to suppress it.
[0.655s] [0m
[0.655s] [33mCMake Warning (dev) at /opt/ros/foxy/share/connext_cmake_module/cmake/Modules/FindConnext.cmake:163 (list):
[0.655s]   Policy CMP0121 is not set: The list() command now validates parsing of
[0.655s]   index arguments.  Run "cmake --help-policy CMP0121" for policy details.
[0.655s]   Use the cmake_policy command to set the policy and suppress this warning.
[0.655s]   Invalid list index "librticonnextmsgcppd.so".
[0.655s] Call Stack (most recent call first):
[0.655s]   /opt/ros/foxy/share/connext_cmake_module/cmake/Modules/FindConnext.cmake:199 (_count_found_libraries)
[0.655s]   /opt/ros/foxy/share/rosidl_typesupport_connext_c/cmake/rosidl_typesupport_connext_c-extras.cmake:5 (find_package)
[0.655s]   /opt/ros/foxy/share/rosidl_typesupport_connext_c/cmake/rosidl_typesupport_connext_cConfig.cmake:41 (include)
[0.655s]   /opt/ros/foxy/share/rosidl_typesupport_c/cmake/rosidl_typesupport_c-extras.cmake:13 (find_package)
[0.655s]   /opt/ros/foxy/share/rosidl_typesupport_c/cmake/rosidl_typesupport_cConfig.cmake:41 (include)
[0.655s]   /opt/ros/foxy/share/rosidl_default_generators/cmake/rosidl_default_generators-extras.cmake:21 (find_package)
[0.655s]   /opt/ros/foxy/share/rosidl_default_generators/cmake/rosidl_default_generatorsConfig.cmake:41 (include)
[0.655s]   CMakeLists.txt:38 (find_package)
[0.655s] This warning is for project developers.  Use -Wno-dev to suppress it.
[0.655s] [0m
[0.655s] [0mCMake Deprecation Warning at /home/doe/dev_ws/build/tutorial_interfaces/connext_cmake_module/check_abi/CMakeLists.txt:15 (cmake_minimum_required):
[0.655s]   Compatibility with CMake < 2.8.12 will be removed from a future version of
[0.656s]   CMake.
[0.656s] 
[0.656s]   Update the VERSION argument <min> value or use a ...<max> suffix to tell
[0.656s]   CMake that the project does not need compatibility with older versions.
[0.656s] 
[0.656s] [0m
[1.259s] -- Found OpenSSL: /usr/lib/x86_64-linux-gnu/libcrypto.so (found version "1.1.1f")  
[1.274s] -- Found FastRTPS: /opt/ros/foxy/include  
[1.311s] -- Using all available rosidl_typesupport_cpp: rosidl_typesupport_connext_cpp;rosidl_typesupport_fastrtps_cpp;rosidl_typesupport_introspection_cpp
[1.326s] [31mCMake Error at /opt/ros/foxy/share/rosidl_cmake/cmake/rosidl_generate_interfaces.cmake:64 (message):
[1.326s]   rosidl_generate_interfaces() must be called before ament_package()
[1.326s] Call Stack (most recent call first):
[1.326s]   CMakeLists.txt:40 (rosidl_generate_interfaces)
[1.326s] 
[1.326s] [0m
[1.326s] -- Configuring incomplete, errors occurred!
[1.326s] See also "/home/doe/dev_ws/build/tutorial_interfaces/CMakeFiles/CMakeOutput.log".
[1.330s] Invoked command in '/home/doe/dev_ws/build/tutorial_interfaces' returned '1': CMAKE_PREFIX_PATH=/home/doe/dev_ws/install/py_srvcli:/opt/ros/foxy CONDA_PROMPT_MODIFIER=(base) /usr/bin/cmake /home/doe/dev_ws/src/tutorial_interfaces -DCMAKE_INSTALL_PREFIX=/home/doe/dev_ws/install/tutorial_interfaces
