[1.542s] Invoking command in '/home/doe/dev_ws/src/py_pubsub': CONDA_PROMPT_MODIFIER=(base) PYTHONPATH=/home/doe/dev_ws/install/py_pubsub/lib/python3.8/site-packages:${PYTHONPATH} /home/doe/anaconda3/bin/python setup.py egg_info --egg-base ../../build/py_pubsub build --build-base /home/doe/dev_ws/build/py_pubsub/build install --prefix /home/doe/dev_ws/install/py_pubsub --record /home/doe/dev_ws/build/py_pubsub/install.log --single-version-externally-managed
[1.722s] /home/doe/anaconda3/lib/python3.8/site-packages/setuptools/dist.py:757: UserWarning: Usage of dash-separated 'script-dir' will not be supported in future versions. Please use the underscore name 'script_dir' instead
[1.722s]   warnings.warn(
[1.722s] /home/doe/anaconda3/lib/python3.8/site-packages/setuptools/dist.py:757: UserWarning: Usage of dash-separated 'install-scripts' will not be supported in future versions. Please use the underscore name 'install_scripts' instead
[1.722s]   warnings.warn(
[2.097s] running egg_info
[2.143s] writing ../../build/py_pubsub/py_pubsub.egg-info/PKG-INFO
[2.173s] writing dependency_links to ../../build/py_pubsub/py_pubsub.egg-info/dependency_links.txt
[2.264s] writing entry points to ../../build/py_pubsub/py_pubsub.egg-info/entry_points.txt
[2.324s] writing requirements to ../../build/py_pubsub/py_pubsub.egg-info/requires.txt
[2.355s] writing top-level names to ../../build/py_pubsub/py_pubsub.egg-info/top_level.txt
[2.407s] reading manifest file '../../build/py_pubsub/py_pubsub.egg-info/SOURCES.txt'
[2.407s] writing manifest file '../../build/py_pubsub/py_pubsub.egg-info/SOURCES.txt'
[2.407s] running build
[2.407s] running build_py
[2.408s] /home/doe/anaconda3/lib/python3.8/site-packages/setuptools/command/install.py:34: SetuptoolsDeprecationWarning: setup.py install is deprecated. Use build and pip and other standards-based tools.
[2.408s]   warnings.warn(
[2.408s] running install
[2.411s] running install_lib
[2.452s] running install_data
[2.463s] running install_egg_info
[2.504s] removing '/home/doe/dev_ws/install/py_pubsub/lib/python3.8/site-packages/py_pubsub-0.0.0-py3.8.egg-info' (and everything under it)
[2.504s] Copying ../../build/py_pubsub/py_pubsub.egg-info to /home/doe/dev_ws/install/py_pubsub/lib/python3.8/site-packages/py_pubsub-0.0.0-py3.8.egg-info
[2.505s] running install_scripts
[2.593s] Installing listener script to /home/doe/dev_ws/install/py_pubsub/lib/py_pubsub
[2.594s] Installing talker script to /home/doe/dev_ws/install/py_pubsub/lib/py_pubsub
[2.594s] writing list of installed files to '/home/doe/dev_ws/build/py_pubsub/install.log'
[2.612s] Invoked command in '/home/doe/dev_ws/src/py_pubsub' returned '0': CONDA_PROMPT_MODIFIER=(base) PYTHONPATH=/home/doe/dev_ws/install/py_pubsub/lib/python3.8/site-packages:${PYTHONPATH} /home/doe/anaconda3/bin/python setup.py egg_info --egg-base ../../build/py_pubsub build --build-base /home/doe/dev_ws/build/py_pubsub/build install --prefix /home/doe/dev_ws/install/py_pubsub --record /home/doe/dev_ws/build/py_pubsub/install.log --single-version-externally-managed
