[1.087s] Invoking command in '/home/doe/dev_ws/src/py_srvcli': CONDA_PROMPT_MODIFIER=(base) PYTHONPATH=/home/doe/dev_ws/install/py_srvcli/lib/python3.8/site-packages:${PYTHONPATH} /home/doe/anaconda3/bin/python setup.py egg_info --egg-base ../../build/py_srvcli build --build-base /home/doe/dev_ws/build/py_srvcli/build install --prefix /home/doe/dev_ws/install/py_srvcli --record /home/doe/dev_ws/build/py_srvcli/install.log --single-version-externally-managed
[1.273s] /home/doe/anaconda3/lib/python3.8/site-packages/setuptools/dist.py:738: UserWarning: Usage of dash-separated 'script-dir' will not be supported in future versions. Please use the underscore name 'script_dir' instead
[1.273s]   warnings.warn(
[1.274s] /home/doe/anaconda3/lib/python3.8/site-packages/setuptools/dist.py:738: UserWarning: Usage of dash-separated 'install-scripts' will not be supported in future versions. Please use the underscore name 'install_scripts' instead
[1.274s]   warnings.warn(
[1.511s] running egg_info
[1.539s] writing ../../build/py_srvcli/py_srvcli.egg-info/PKG-INFO
[1.555s] writing dependency_links to ../../build/py_srvcli/py_srvcli.egg-info/dependency_links.txt
[1.602s] writing entry points to ../../build/py_srvcli/py_srvcli.egg-info/entry_points.txt
[1.633s] writing requirements to ../../build/py_srvcli/py_srvcli.egg-info/requires.txt
[1.649s] writing top-level names to ../../build/py_srvcli/py_srvcli.egg-info/top_level.txt
[1.688s] reading manifest file '../../build/py_srvcli/py_srvcli.egg-info/SOURCES.txt'
[1.688s] writing manifest file '../../build/py_srvcli/py_srvcli.egg-info/SOURCES.txt'
[1.689s] running build
[1.689s] running build_py
[1.689s] copying py_srvcli/service_member_function.py -> /home/doe/dev_ws/build/py_srvcli/build/lib/py_srvcli
[1.689s] running install
[1.689s] /home/doe/anaconda3/lib/python3.8/site-packages/setuptools/command/install.py:34: SetuptoolsDeprecationWarning: setup.py install is deprecated. Use build and pip and other standards-based tools.
[1.689s]   warnings.warn(
[1.692s] running install_lib
[1.719s] copying /home/doe/dev_ws/build/py_srvcli/build/lib/py_srvcli/service_member_function.py -> /home/doe/dev_ws/install/py_srvcli/lib/python3.8/site-packages/py_srvcli
[1.720s] byte-compiling /home/doe/dev_ws/install/py_srvcli/lib/python3.8/site-packages/py_srvcli/service_member_function.py to service_member_function.cpython-38.pyc
[1.720s] running install_data
[1.731s] running install_egg_info
[1.765s] removing '/home/doe/dev_ws/install/py_srvcli/lib/python3.8/site-packages/py_srvcli-0.0.0-py3.8.egg-info' (and everything under it)
[1.765s] Copying ../../build/py_srvcli/py_srvcli.egg-info to /home/doe/dev_ws/install/py_srvcli/lib/python3.8/site-packages/py_srvcli-0.0.0-py3.8.egg-info
[1.765s] running install_scripts
[1.838s] Installing service script to /home/doe/dev_ws/install/py_srvcli/lib/py_srvcli
[1.839s] writing list of installed files to '/home/doe/dev_ws/build/py_srvcli/install.log'
[1.863s] Invoked command in '/home/doe/dev_ws/src/py_srvcli' returned '0': CONDA_PROMPT_MODIFIER=(base) PYTHONPATH=/home/doe/dev_ws/install/py_srvcli/lib/python3.8/site-packages:${PYTHONPATH} /home/doe/anaconda3/bin/python setup.py egg_info --egg-base ../../build/py_srvcli build --build-base /home/doe/dev_ws/build/py_srvcli/build install --prefix /home/doe/dev_ws/install/py_srvcli --record /home/doe/dev_ws/build/py_srvcli/install.log --single-version-externally-managed
